{"D:\\User\\vocongbinh\\web_technology\\HomeLand_Apartment_Management_BE\\src\\app.controller.ts": {"path":"D:\\User\\vocongbinh\\web_technology\\HomeLand_Apartment_Management_BE\\src\\app.controller.ts","statementMap":{"0":{"start":{"line":1,"column":0},"end":{"line":1,"column":49}},"1":{"start":{"line":2,"column":0},"end":{"line":2,"column":43}},"2":{"start":{"line":3,"column":0},"end":{"line":3,"column":42}},"3":{"start":{"line":4,"column":0},"end":{"line":4,"column":57}},"4":{"start":{"line":9,"column":7},"end":{"line":69,"column":null}},"5":{"start":{"line":11,"column":25},"end":{"line":11,"column":37}},"6":{"start":{"line":17,"column":8},"end":{"line":17,"column":42}},"7":{"start":{"line":9,"column":13},"end":{"line":9,"column":26}},"8":{"start":{"line":16,"column":4},"end":{"line":18,"column":null}},"9":{"start":{"line":9,"column":13},"end":{"line":69,"column":null}}},"fnMap":{"0":{"name":"(anonymous_2)","decl":{"start":{"line":10,"column":4},"end":{"line":10,"column":null}},"loc":{"start":{"line":11,"column":47},"end":{"line":12,"column":8}}},"1":{"name":"(anonymous_3)","decl":{"start":{"line":16,"column":4},"end":{"line":16,"column":12}},"loc":{"start":{"line":16,"column":12},"end":{"line":18,"column":5}}}},"branchMap":{},"s":{"0":1,"1":1,"2":1,"3":1,"4":1,"5":2,"6":1,"7":1,"8":1,"9":1},"f":{"0":2,"1":1},"b":{}}
,"D:\\User\\vocongbinh\\web_technology\\HomeLand_Apartment_Management_BE\\src\\app.service.ts": {"path":"D:\\User\\vocongbinh\\web_technology\\HomeLand_Apartment_Management_BE\\src\\app.service.ts","statementMap":{"0":{"start":{"line":1,"column":0},"end":{"line":1,"column":44}},"1":{"start":{"line":4,"column":7},"end":{"line":8,"column":null}},"2":{"start":{"line":6,"column":8},"end":{"line":6,"column":30}},"3":{"start":{"line":4,"column":13},"end":{"line":4,"column":23}},"4":{"start":{"line":4,"column":13},"end":{"line":8,"column":null}}},"fnMap":{"0":{"name":"(anonymous_1)","decl":{"start":{"line":5,"column":4},"end":{"line":5,"column":12}},"loc":{"start":{"line":5,"column":12},"end":{"line":7,"column":5}}}},"branchMap":{},"s":{"0":2,"1":2,"2":1,"3":2,"4":2},"f":{"0":1},"b":{}}
,"D:\\User\\vocongbinh\\web_technology\\HomeLand_Apartment_Management_BE\\src\\account\\account.controller.ts": {"path":"D:\\User\\vocongbinh\\web_technology\\HomeLand_Apartment_Management_BE\\src\\account\\account.controller.ts","statementMap":{"0":{"start":{"line":1,"column":0},"end":{"line":1,"column":76}},"1":{"start":{"line":2,"column":0},"end":{"line":2,"column":51}},"2":{"start":{"line":3,"column":0},"end":{"line":3,"column":60}},"3":{"start":{"line":6,"column":7},"end":{"line":28,"column":null}},"4":{"start":{"line":7,"column":33},"end":{"line":7,"column":49}},"5":{"start":{"line":11,"column":8},"end":{"line":11,"column":60}},"6":{"start":{"line":16,"column":8},"end":{"line":16,"column":45}},"7":{"start":{"line":21,"column":8},"end":{"line":21,"column":47}},"8":{"start":{"line":26,"column":8},"end":{"line":26,"column":46}},"9":{"start":{"line":6,"column":13},"end":{"line":6,"column":30}},"10":{"start":{"line":10,"column":4},"end":{"line":12,"column":null}},"11":{"start":{"line":15,"column":4},"end":{"line":17,"column":null}},"12":{"start":{"line":20,"column":4},"end":{"line":22,"column":null}},"13":{"start":{"line":25,"column":4},"end":{"line":27,"column":null}},"14":{"start":{"line":6,"column":13},"end":{"line":28,"column":null}}},"fnMap":{"0":{"name":"(anonymous_4)","decl":{"start":{"line":7,"column":4},"end":{"line":7,"column":33}},"loc":{"start":{"line":7,"column":63},"end":{"line":7,"column":67}}},"1":{"name":"(anonymous_5)","decl":{"start":{"line":10,"column":4},"end":{"line":10,"column":10}},"loc":{"start":{"line":10,"column":53},"end":{"line":12,"column":5}}},"2":{"name":"(anonymous_6)","decl":{"start":{"line":15,"column":4},"end":{"line":15,"column":11}},"loc":{"start":{"line":15,"column":11},"end":{"line":17,"column":5}}},"3":{"name":"(anonymous_7)","decl":{"start":{"line":20,"column":4},"end":{"line":20,"column":11}},"loc":{"start":{"line":20,"column":35},"end":{"line":22,"column":5}}},"4":{"name":"(anonymous_8)","decl":{"start":{"line":25,"column":4},"end":{"line":25,"column":10}},"loc":{"start":{"line":25,"column":34},"end":{"line":27,"column":5}}}},"branchMap":{},"s":{"0":2,"1":2,"2":2,"3":2,"4":7,"5":1,"6":1,"7":1,"8":1,"9":2,"10":2,"11":2,"12":2,"13":2,"14":2},"f":{"0":7,"1":1,"2":1,"3":1,"4":1},"b":{}}
,"D:\\User\\vocongbinh\\web_technology\\HomeLand_Apartment_Management_BE\\src\\account\\account.service.ts": {"path":"D:\\User\\vocongbinh\\web_technology\\HomeLand_Apartment_Management_BE\\src\\account\\account.service.ts","statementMap":{"0":{"start":{"line":1,"column":0},"end":{"line":1,"column":44}},"1":{"start":{"line":5,"column":7},"end":{"line":21,"column":null}},"2":{"start":{"line":7,"column":8},"end":{"line":7,"column":48}},"3":{"start":{"line":11,"column":8},"end":{"line":11,"column":49}},"4":{"start":{"line":15,"column":8},"end":{"line":15,"column":54}},"5":{"start":{"line":19,"column":8},"end":{"line":19,"column":54}},"6":{"start":{"line":5,"column":13},"end":{"line":5,"column":27}},"7":{"start":{"line":5,"column":13},"end":{"line":21,"column":null}}},"fnMap":{"0":{"name":"(anonymous_1)","decl":{"start":{"line":6,"column":4},"end":{"line":6,"column":10}},"loc":{"start":{"line":6,"column":45},"end":{"line":8,"column":5}}},"1":{"name":"(anonymous_2)","decl":{"start":{"line":10,"column":4},"end":{"line":10,"column":11}},"loc":{"start":{"line":10,"column":11},"end":{"line":12,"column":5}}},"2":{"name":"(anonymous_3)","decl":{"start":{"line":14,"column":4},"end":{"line":14,"column":11}},"loc":{"start":{"line":14,"column":22},"end":{"line":16,"column":5}}},"3":{"name":"(anonymous_4)","decl":{"start":{"line":18,"column":4},"end":{"line":18,"column":10}},"loc":{"start":{"line":18,"column":21},"end":{"line":20,"column":5}}}},"branchMap":{},"s":{"0":6,"1":6,"2":2,"3":2,"4":2,"5":2,"6":6,"7":6},"f":{"0":2,"1":2,"2":2,"3":2},"b":{}}
,"D:\\User\\vocongbinh\\web_technology\\HomeLand_Apartment_Management_BE\\src\\account\\dto\\create-account.dto.ts": {"path":"D:\\User\\vocongbinh\\web_technology\\HomeLand_Apartment_Management_BE\\src\\account\\dto\\create-account.dto.ts","statementMap":{"0":{"start":{"line":1,"column":0},"end":{"line":1,"column":46}},"1":{"start":{"line":2,"column":0},"end":{"line":2,"column":52}},"2":{"start":{"line":4,"column":0},"end":{"line":4,"column":13}},"3":{"start":{"line":11,"column":4},"end":{"line":11,"column":null}},"4":{"start":{"line":17,"column":4},"end":{"line":17,"column":null}}},"fnMap":{},"branchMap":{},"s":{"0":2,"1":2,"2":2,"3":2,"4":2},"f":{},"b":{}}
,"D:\\User\\vocongbinh\\web_technology\\HomeLand_Apartment_Management_BE\\src\\apartment\\apartment.controller.ts": {"path":"D:\\User\\vocongbinh\\web_technology\\HomeLand_Apartment_Management_BE\\src\\apartment\\apartment.controller.ts","statementMap":{"0":{"start":{"line":1,"column":0},"end":{"line":1,"column":null}},"1":{"start":{"line":11,"column":0},"end":{"line":11,"column":55}},"2":{"start":{"line":12,"column":0},"end":{"line":12,"column":64}},"3":{"start":{"line":14,"column":0},"end":{"line":14,"column":65}},"4":{"start":{"line":15,"column":0},"end":{"line":15,"column":51}},"5":{"start":{"line":16,"column":0},"end":{"line":16,"column":64}},"6":{"start":{"line":20,"column":7},"end":{"line":66,"column":null}},"7":{"start":{"line":21,"column":33},"end":{"line":21,"column":54}},"8":{"start":{"line":27,"column":8},"end":{"line":27,"column":67}},"9":{"start":{"line":38,"column":8},"end":{"line":39,"column":59}},"10":{"start":{"line":38,"column":32},"end":{"line":38,"column":74}},"11":{"start":{"line":39,"column":13},"end":{"line":39,"column":59}},"12":{"start":{"line":44,"column":26},"end":{"line":44,"column":68}},"13":{"start":{"line":45,"column":8},"end":{"line":45,"column":40}},"14":{"start":{"line":45,"column":23},"end":{"line":45,"column":40}},"15":{"start":{"line":46,"column":8},"end":{"line":46,"column":59}},"16":{"start":{"line":62,"column":8},"end":{"line":64,"column":null}},"17":{"start":{"line":63,"column":12},"end":{"line":63,"column":42}},"18":{"start":{"line":20,"column":13},"end":{"line":20,"column":32}},"19":{"start":{"line":26,"column":4},"end":{"line":28,"column":null}},"20":{"start":{"line":37,"column":4},"end":{"line":40,"column":null}},"21":{"start":{"line":43,"column":10},"end":{"line":47,"column":null}},"22":{"start":{"line":58,"column":10},"end":{"line":65,"column":null}},"23":{"start":{"line":20,"column":13},"end":{"line":66,"column":null}}},"fnMap":{"0":{"name":"(anonymous_4)","decl":{"start":{"line":21,"column":4},"end":{"line":21,"column":33}},"loc":{"start":{"line":21,"column":70},"end":{"line":21,"column":74}}},"1":{"name":"(anonymous_5)","decl":{"start":{"line":26,"column":4},"end":{"line":26,"column":10}},"loc":{"start":{"line":26,"column":57},"end":{"line":28,"column":5}}},"2":{"name":"(anonymous_6)","decl":{"start":{"line":37,"column":4},"end":{"line":37,"column":11}},"loc":{"start":{"line":37,"column":39},"end":{"line":40,"column":5}}},"3":{"name":"(anonymous_7)","decl":{"start":{"line":43,"column":4},"end":{"line":43,"column":9}},"loc":{"start":{"line":43,"column":41},"end":{"line":47,"column":5}}},"4":{"name":"(anonymous_8)","decl":{"start":{"line":58,"column":4},"end":{"line":58,"column":9}},"loc":{"start":{"line":60,"column":54},"end":{"line":65,"column":5}}}},"branchMap":{"0":{"loc":{"start":{"line":38,"column":8},"end":{"line":39,"column":59}},"type":"if","locations":[{"start":{"line":38,"column":8},"end":{"line":39,"column":59}},{"start":{"line":39,"column":13},"end":{"line":39,"column":59}}]},"1":{"loc":{"start":{"line":45,"column":8},"end":{"line":45,"column":40}},"type":"if","locations":[{"start":{"line":45,"column":8},"end":{"line":45,"column":40}}]},"2":{"loc":{"start":{"line":62,"column":8},"end":{"line":64,"column":null}},"type":"if","locations":[{"start":{"line":62,"column":8},"end":{"line":64,"column":null}}]}},"s":{"0":4,"1":4,"2":4,"3":4,"4":4,"5":4,"6":4,"7":8,"8":1,"9":1,"10":0,"11":1,"12":3,"13":2,"14":2,"15":0,"16":2,"17":1,"18":4,"19":4,"20":4,"21":4,"22":4,"23":4},"f":{"0":8,"1":1,"2":1,"3":3,"4":2},"b":{"0":[0,1],"1":[2],"2":[1]}}
,"D:\\User\\vocongbinh\\web_technology\\HomeLand_Apartment_Management_BE\\src\\apartment\\apartment.service.ts": {"path":"D:\\User\\vocongbinh\\web_technology\\HomeLand_Apartment_Management_BE\\src\\apartment\\apartment.service.ts","statementMap":{"0":{"start":{"line":1,"column":0},"end":{"line":1,"column":null}},"1":{"start":{"line":8,"column":0},"end":{"line":8,"column":53}},"2":{"start":{"line":9,"column":0},"end":{"line":9,"column":56}},"3":{"start":{"line":10,"column":0},"end":{"line":10,"column":69}},"4":{"start":{"line":11,"column":0},"end":{"line":11,"column":74}},"5":{"start":{"line":12,"column":0},"end":{"line":12,"column":67}},"6":{"start":{"line":14,"column":0},"end":{"line":14,"column":64}},"7":{"start":{"line":16,"column":0},"end":{"line":16,"column":46}},"8":{"start":{"line":17,"column":0},"end":{"line":17,"column":55}},"9":{"start":{"line":23,"column":0},"end":{"line":23,"column":22}},"10":{"start":{"line":56,"column":7},"end":{"line":235,"column":null}},"11":{"start":{"line":67,"column":8},"end":{"line":67,"column":16}},"12":{"start":{"line":59,"column":25},"end":{"line":59,"column":46}},"13":{"start":{"line":61,"column":25},"end":{"line":61,"column":45}},"14":{"start":{"line":63,"column":25},"end":{"line":63,"column":37}},"15":{"start":{"line":64,"column":25},"end":{"line":64,"column":37}},"16":{"start":{"line":65,"column":25},"end":{"line":65,"column":41}},"17":{"start":{"line":74,"column":36},"end":{"line":74,"column":54}},"18":{"start":{"line":75,"column":24},"end":{"line":75,"column":61}},"19":{"start":{"line":76,"column":8},"end":{"line":76,"column":70}},"20":{"start":{"line":77,"column":8},"end":{"line":77,"column":44}},"21":{"start":{"line":77,"column":16},"end":{"line":77,"column":44}},"22":{"start":{"line":78,"column":29},"end":{"line":78,"column":64}},"23":{"start":{"line":79,"column":60},"end":{"line":79,"column":62}},"24":{"start":{"line":80,"column":8},"end":{"line":127,"column":null}},"25":{"start":{"line":81,"column":12},"end":{"line":81,"column":41}},"26":{"start":{"line":82,"column":12},"end":{"line":82,"column":50}},"27":{"start":{"line":83,"column":12},"end":{"line":93,"column":14}},"28":{"start":{"line":85,"column":20},"end":{"line":90,"column":null}},"29":{"start":{"line":95,"column":12},"end":{"line":97,"column":null}},"30":{"start":{"line":96,"column":16},"end":{"line":96,"column":67}},"31":{"start":{"line":99,"column":12},"end":{"line":99,"column":78}},"32":{"start":{"line":99,"column":64},"end":{"line":99,"column":76}},"33":{"start":{"line":101,"column":12},"end":{"line":108,"column":null}},"34":{"start":{"line":102,"column":34},"end":{"line":104,"column":18}},"35":{"start":{"line":105,"column":16},"end":{"line":106,"column":75}},"36":{"start":{"line":106,"column":20},"end":{"line":106,"column":75}},"37":{"start":{"line":107,"column":16},"end":{"line":107,"column":48}},"38":{"start":{"line":110,"column":12},"end":{"line":110,"column":71}},"39":{"start":{"line":111,"column":12},"end":{"line":111,"column":51}},"40":{"start":{"line":112,"column":12},"end":{"line":112,"column":29}},"41":{"start":{"line":114,"column":12},"end":{"line":114,"column":53}},"42":{"start":{"line":115,"column":12},"end":{"line":121,"column":14}},"43":{"start":{"line":118,"column":24},"end":{"line":118,"column":56}},"44":{"start":{"line":120,"column":32},"end":{"line":120,"column":39}},"45":{"start":{"line":123,"column":12},"end":{"line":123,"column":33}},"46":{"start":{"line":124,"column":12},"end":{"line":124,"column":24}},"47":{"start":{"line":126,"column":12},"end":{"line":126,"column":41}},"48":{"start":{"line":131,"column":8},"end":{"line":136,"column":null}},"49":{"start":{"line":132,"column":12},"end":{"line":135,"column":15}},"50":{"start":{"line":138,"column":8},"end":{"line":138,"column":53}},"51":{"start":{"line":142,"column":8},"end":{"line":144,"column":11}},"52":{"start":{"line":151,"column":36},"end":{"line":151,"column":38}},"53":{"start":{"line":152,"column":29},"end":{"line":152,"column":64}},"54":{"start":{"line":153,"column":8},"end":{"line":203,"column":null}},"55":{"start":{"line":154,"column":12},"end":{"line":154,"column":44}},"56":{"start":{"line":155,"column":38},"end":{"line":155,"column":56}},"57":{"start":{"line":156,"column":28},"end":{"line":159,"column":14}},"58":{"start":{"line":161,"column":12},"end":{"line":161,"column":79}},"59":{"start":{"line":161,"column":28},"end":{"line":161,"column":79}},"60":{"start":{"line":163,"column":12},"end":{"line":192,"column":null}},"61":{"start":{"line":164,"column":16},"end":{"line":165,"column":72}},"62":{"start":{"line":165,"column":20},"end":{"line":165,"column":72}},"63":{"start":{"line":167,"column":34},"end":{"line":179,"column":null}},"64":{"start":{"line":169,"column":24},"end":{"line":169,"column":62}},"65":{"start":{"line":169,"column":47},"end":{"line":169,"column":62}},"66":{"start":{"line":170,"column":43},"end":{"line":172,"column":26}},"67":{"start":{"line":173,"column":24},"end":{"line":173,"column":53}},"68":{"start":{"line":174,"column":24},"end":{"line":178,"column":26}},"69":{"start":{"line":182,"column":16},"end":{"line":183,"column":71}},"70":{"start":{"line":183,"column":20},"end":{"line":183,"column":71}},"71":{"start":{"line":185,"column":37},"end":{"line":185,"column":76}},"72":{"start":{"line":185,"column":63},"end":{"line":185,"column":75}},"73":{"start":{"line":187,"column":16},"end":{"line":187,"column":75}},"74":{"start":{"line":188,"column":16},"end":{"line":190,"column":18}},"75":{"start":{"line":191,"column":16},"end":{"line":191,"column":51}},"76":{"start":{"line":193,"column":26},"end":{"line":193,"column":97}},"77":{"start":{"line":194,"column":8},"end":{"line":194,"column":39}},"78":{"start":{"line":196,"column":12},"end":{"line":196,"column":53}},"79":{"start":{"line":197,"column":12},"end":{"line":198,"column":62}},"80":{"start":{"line":198,"column":16},"end":{"line":198,"column":62}},"81":{"start":{"line":199,"column":12},"end":{"line":199,"column":33}},"82":{"start":{"line":200,"column":12},"end":{"line":200,"column":24}},"83":{"start":{"line":202,"column":12},"end":{"line":202,"column":41}},"84":{"start":{"line":210,"column":8},"end":{"line":210,"column":45}},"85":{"start":{"line":216,"column":8},"end":{"line":216,"column":72}},"86":{"start":{"line":216,"column":41},"end":{"line":216,"column":70}},"87":{"start":{"line":223,"column":29},"end":{"line":224,"column":null}},"88":{"start":{"line":224,"column":12},"end":{"line":224,"column":27}},"89":{"start":{"line":227,"column":8},"end":{"line":227,"column":75}},"90":{"start":{"line":227,"column":63},"end":{"line":227,"column":75}},"91":{"start":{"line":228,"column":8},"end":{"line":228,"column":21}},"92":{"start":{"line":231,"column":8},"end":{"line":233,"column":11}},"93":{"start":{"line":56,"column":13},"end":{"line":56,"column":32}},"94":{"start":{"line":56,"column":13},"end":{"line":235,"column":null}}},"fnMap":{"0":{"name":"(anonymous_4)","decl":{"start":{"line":57,"column":4},"end":{"line":57,"column":null}},"loc":{"start":{"line":65,"column":55},"end":{"line":68,"column":5}}},"1":{"name":"(anonymous_5)","decl":{"start":{"line":70,"column":4},"end":{"line":70,"column":9}},"loc":{"start":{"line":72,"column":19},"end":{"line":128,"column":5}}},"2":{"name":"(anonymous_6)","decl":{"start":{"line":84,"column":46},"end":{"line":84,"column":47}},"loc":{"start":{"line":85,"column":20},"end":{"line":90,"column":null}}},"3":{"name":"(anonymous_7)","decl":{"start":{"line":99,"column":52},"end":{"line":99,"column":53}},"loc":{"start":{"line":99,"column":64},"end":{"line":99,"column":76}}},"4":{"name":"(anonymous_8)","decl":{"start":{"line":117,"column":28},"end":{"line":117,"column":29}},"loc":{"start":{"line":118,"column":24},"end":{"line":118,"column":56}}},"5":{"name":"(anonymous_9)","decl":{"start":{"line":120,"column":25},"end":{"line":120,"column":26}},"loc":{"start":{"line":120,"column":32},"end":{"line":120,"column":39}}},"6":{"name":"(anonymous_10)","decl":{"start":{"line":130,"column":4},"end":{"line":130,"column":9}},"loc":{"start":{"line":130,"column":31},"end":{"line":139,"column":5}}},"7":{"name":"(anonymous_11)","decl":{"start":{"line":141,"column":4},"end":{"line":141,"column":9}},"loc":{"start":{"line":141,"column":28},"end":{"line":145,"column":5}}},"8":{"name":"(anonymous_12)","decl":{"start":{"line":147,"column":4},"end":{"line":147,"column":9}},"loc":{"start":{"line":149,"column":46},"end":{"line":205,"column":5}}},"9":{"name":"(anonymous_13)","decl":{"start":{"line":168,"column":31},"end":{"line":168,"column":32}},"loc":{"start":{"line":168,"column":50},"end":{"line":179,"column":21}}},"10":{"name":"(anonymous_14)","decl":{"start":{"line":185,"column":51},"end":{"line":185,"column":52}},"loc":{"start":{"line":185,"column":63},"end":{"line":185,"column":75}}},"11":{"name":"(anonymous_15)","decl":{"start":{"line":207,"column":12},"end":{"line":207,"column":36}},"loc":{"start":{"line":208,"column":39},"end":{"line":211,"column":5}}},"12":{"name":"(anonymous_16)","decl":{"start":{"line":213,"column":12},"end":{"line":213,"column":41}},"loc":{"start":{"line":214,"column":42},"end":{"line":217,"column":5}}},"13":{"name":"(anonymous_17)","decl":{"start":{"line":216,"column":29},"end":{"line":216,"column":30}},"loc":{"start":{"line":216,"column":41},"end":{"line":216,"column":70}}},"14":{"name":"(anonymous_18)","decl":{"start":{"line":219,"column":12},"end":{"line":219,"column":34}},"loc":{"start":{"line":221,"column":30},"end":{"line":229,"column":5}}},"15":{"name":"(anonymous_19)","decl":{"start":{"line":223,"column":46},"end":{"line":223,"column":47}},"loc":{"start":{"line":224,"column":12},"end":{"line":224,"column":27}}},"16":{"name":"(anonymous_20)","decl":{"start":{"line":230,"column":4},"end":{"line":230,"column":9}},"loc":{"start":{"line":230,"column":27},"end":{"line":234,"column":5}}}},"branchMap":{"0":{"loc":{"start":{"line":77,"column":8},"end":{"line":77,"column":44}},"type":"if","locations":[{"start":{"line":77,"column":8},"end":{"line":77,"column":44}}]},"1":{"loc":{"start":{"line":88,"column":50},"end":{"line":88,"column":75}},"type":"binary-expr","locations":[{"start":{"line":88,"column":50},"end":{"line":88,"column":65}},{"start":{"line":88,"column":69},"end":{"line":88,"column":75}}]},"2":{"loc":{"start":{"line":90,"column":24},"end":{"line":90,"column":65}},"type":"binary-expr","locations":[{"start":{"line":90,"column":24},"end":{"line":90,"column":50}},{"start":{"line":90,"column":54},"end":{"line":90,"column":65}}]},"3":{"loc":{"start":{"line":95,"column":12},"end":{"line":97,"column":null}},"type":"if","locations":[{"start":{"line":95,"column":12},"end":{"line":97,"column":null}}]},"4":{"loc":{"start":{"line":101,"column":12},"end":{"line":108,"column":null}},"type":"if","locations":[{"start":{"line":101,"column":12},"end":{"line":108,"column":null}}]},"5":{"loc":{"start":{"line":105,"column":16},"end":{"line":106,"column":75}},"type":"if","locations":[{"start":{"line":105,"column":16},"end":{"line":106,"column":75}}]},"6":{"loc":{"start":{"line":131,"column":8},"end":{"line":136,"column":null}},"type":"if","locations":[{"start":{"line":131,"column":8},"end":{"line":136,"column":null}}]},"7":{"loc":{"start":{"line":131,"column":12},"end":{"line":131,"column":45}},"type":"binary-expr","locations":[{"start":{"line":131,"column":12},"end":{"line":131,"column":29}},{"start":{"line":131,"column":33},"end":{"line":131,"column":45}}]},"8":{"loc":{"start":{"line":161,"column":12},"end":{"line":161,"column":79}},"type":"if","locations":[{"start":{"line":161,"column":12},"end":{"line":161,"column":79}}]},"9":{"loc":{"start":{"line":163,"column":12},"end":{"line":192,"column":null}},"type":"if","locations":[{"start":{"line":163,"column":12},"end":{"line":192,"column":null}}]},"10":{"loc":{"start":{"line":164,"column":16},"end":{"line":165,"column":72}},"type":"if","locations":[{"start":{"line":164,"column":16},"end":{"line":165,"column":72}}]},"11":{"loc":{"start":{"line":169,"column":24},"end":{"line":169,"column":62}},"type":"if","locations":[{"start":{"line":169,"column":24},"end":{"line":169,"column":62}}]},"12":{"loc":{"start":{"line":171,"column":50},"end":{"line":171,"column":77}},"type":"binary-expr","locations":[{"start":{"line":171,"column":50},"end":{"line":171,"column":67}},{"start":{"line":171,"column":71},"end":{"line":171,"column":77}}]},"13":{"loc":{"start":{"line":177,"column":28},"end":{"line":177,"column":66}},"type":"binary-expr","locations":[{"start":{"line":177,"column":28},"end":{"line":177,"column":56}},{"start":{"line":177,"column":60},"end":{"line":177,"column":66}}]},"14":{"loc":{"start":{"line":182,"column":16},"end":{"line":183,"column":71}},"type":"if","locations":[{"start":{"line":182,"column":16},"end":{"line":183,"column":71}}]},"15":{"loc":{"start":{"line":197,"column":12},"end":{"line":198,"column":62}},"type":"if","locations":[{"start":{"line":197,"column":12},"end":{"line":198,"column":62}}]},"16":{"loc":{"start":{"line":227,"column":8},"end":{"line":227,"column":75}},"type":"if","locations":[{"start":{"line":227,"column":8},"end":{"line":227,"column":75}}]}},"s":{"0":5,"1":5,"2":5,"3":5,"4":5,"5":5,"6":5,"7":5,"8":5,"9":5,"10":5,"11":23,"12":23,"13":23,"14":23,"15":23,"16":23,"17":3,"18":3,"19":3,"20":3,"21":0,"22":3,"23":3,"24":3,"25":3,"26":3,"27":3,"28":0,"29":3,"30":0,"31":3,"32":0,"33":3,"34":1,"35":1,"36":0,"37":1,"38":3,"39":2,"40":2,"41":1,"42":1,"43":0,"44":0,"45":1,"46":1,"47":3,"48":2,"49":1,"50":1,"51":1,"52":2,"53":2,"54":2,"55":2,"56":2,"57":2,"58":2,"59":2,"60":0,"61":0,"62":0,"63":0,"64":0,"65":0,"66":0,"67":0,"68":0,"69":0,"70":0,"71":0,"72":0,"73":0,"74":0,"75":0,"76":0,"77":0,"78":2,"79":2,"80":0,"81":2,"82":2,"83":2,"84":2,"85":3,"86":0,"87":2,"88":3,"89":2,"90":1,"91":1,"92":1,"93":5,"94":5},"f":{"0":23,"1":3,"2":0,"3":0,"4":0,"5":0,"6":2,"7":1,"8":2,"9":0,"10":0,"11":2,"12":3,"13":0,"14":2,"15":3,"16":1},"b":{"0":[0],"1":[0,0],"2":[0,0],"3":[0],"4":[1],"5":[0],"6":[1],"7":[2,1],"8":[2],"9":[0],"10":[0],"11":[0],"12":[0,0],"13":[0,0],"14":[0],"15":[0],"16":[1]}}
,"D:\\User\\vocongbinh\\web_technology\\HomeLand_Apartment_Management_BE\\src\\apartment\\dto\\create-apartment.dto.ts": {"path":"D:\\User\\vocongbinh\\web_technology\\HomeLand_Apartment_Management_BE\\src\\apartment\\dto\\create-apartment.dto.ts","statementMap":{"0":{"start":{"line":1,"column":0},"end":{"line":1,"column":56}},"1":{"start":{"line":2,"column":0},"end":{"line":2,"column":57}},"2":{"start":{"line":3,"column":0},"end":{"line":3,"column":55}},"3":{"start":{"line":5,"column":0},"end":{"line":5,"column":null}},"4":{"start":{"line":11,"column":0},"end":{"line":11,"column":61}},"5":{"start":{"line":13,"column":0},"end":{"line":13,"column":13}},"6":{"start":{"line":32,"column":4},"end":{"line":32,"column":null}},"7":{"start":{"line":45,"column":4},"end":{"line":45,"column":null}}},"fnMap":{},"branchMap":{},"s":{"0":4,"1":4,"2":4,"3":4,"4":4,"5":4,"6":4,"7":4},"f":{},"b":{}}
,"D:\\User\\vocongbinh\\web_technology\\HomeLand_Apartment_Management_BE\\src\\apartment\\dto\\update-apartment.dto.ts": {"path":"D:\\User\\vocongbinh\\web_technology\\HomeLand_Apartment_Management_BE\\src\\apartment\\dto\\update-apartment.dto.ts","statementMap":{"0":{"start":{"line":1,"column":0},"end":{"line":1,"column":69}},"1":{"start":{"line":3,"column":0},"end":{"line":3,"column":64}},"2":{"start":{"line":4,"column":0},"end":{"line":4,"column":55}},"3":{"start":{"line":5,"column":0},"end":{"line":5,"column":57}},"4":{"start":{"line":8,"column":0},"end":{"line":8,"column":13}},"5":{"start":{"line":43,"column":4},"end":{"line":43,"column":null}}},"fnMap":{},"branchMap":{},"s":{"0":4,"1":4,"2":4,"3":4,"4":4,"5":4},"f":{},"b":{}}
,"D:\\User\\vocongbinh\\web_technology\\HomeLand_Apartment_Management_BE\\src\\auth\\auth.controller.ts": {"path":"D:\\User\\vocongbinh\\web_technology\\HomeLand_Apartment_Management_BE\\src\\auth\\auth.controller.ts","statementMap":{"0":{"start":{"line":1,"column":0},"end":{"line":1,"column":56}},"1":{"start":{"line":2,"column":0},"end":{"line":2,"column":45}},"2":{"start":{"line":3,"column":0},"end":{"line":3,"column":76}},"3":{"start":{"line":4,"column":0},"end":{"line":4,"column":61}},"4":{"start":{"line":8,"column":7},"end":{"line":42,"column":null}},"5":{"start":{"line":9,"column":33},"end":{"line":9,"column":46}},"6":{"start":{"line":40,"column":8},"end":{"line":40,"column":56}},"7":{"start":{"line":8,"column":13},"end":{"line":8,"column":27}},"8":{"start":{"line":39,"column":10},"end":{"line":41,"column":null}},"9":{"start":{"line":8,"column":13},"end":{"line":42,"column":null}}},"fnMap":{"0":{"name":"(anonymous_4)","decl":{"start":{"line":9,"column":4},"end":{"line":9,"column":33}},"loc":{"start":{"line":9,"column":60},"end":{"line":9,"column":64}}},"1":{"name":"(anonymous_5)","decl":{"start":{"line":39,"column":4},"end":{"line":39,"column":9}},"loc":{"start":{"line":39,"column":44},"end":{"line":41,"column":5}}}},"branchMap":{},"s":{"0":10,"1":10,"2":10,"3":10,"4":10,"5":30,"6":1,"7":10,"8":10,"9":10},"f":{"0":30,"1":1},"b":{}}
,"D:\\User\\vocongbinh\\web_technology\\HomeLand_Apartment_Management_BE\\src\\auth\\auth.service.ts": {"path":"D:\\User\\vocongbinh\\web_technology\\HomeLand_Apartment_Management_BE\\src\\auth\\auth.service.ts","statementMap":{"0":{"start":{"line":1,"column":0},"end":{"line":1,"column":67}},"1":{"start":{"line":2,"column":0},"end":{"line":2,"column":41}},"2":{"start":{"line":3,"column":0},"end":{"line":3,"column":51}},"3":{"start":{"line":5,"column":0},"end":{"line":5,"column":51}},"4":{"start":{"line":11,"column":0},"end":{"line":11,"column":37}},"5":{"start":{"line":12,"column":0},"end":{"line":12,"column":61}},"6":{"start":{"line":14,"column":0},"end":{"line":14,"column":13}},"7":{"start":{"line":19,"column":0},"end":{"line":19,"column":22}},"8":{"start":{"line":33,"column":7},"end":{"line":131,"column":null}},"9":{"start":{"line":40,"column":8},"end":{"line":40,"column":16}},"10":{"start":{"line":36,"column":25},"end":{"line":36,"column":44}},"11":{"start":{"line":37,"column":25},"end":{"line":37,"column":37}},"12":{"start":{"line":38,"column":25},"end":{"line":38,"column":38}},"13":{"start":{"line":44,"column":21},"end":{"line":44,"column":72}},"14":{"start":{"line":45,"column":8},"end":{"line":45,"column":28}},"15":{"start":{"line":46,"column":8},"end":{"line":55,"column":null}},"16":{"start":{"line":54,"column":12},"end":{"line":54,"column":71}},"17":{"start":{"line":56,"column":38},"end":{"line":59,"column":10}},"18":{"start":{"line":60,"column":8},"end":{"line":65,"column":10}},"19":{"start":{"line":71,"column":24},"end":{"line":87,"column":10}},"20":{"start":{"line":89,"column":8},"end":{"line":97,"column":10}},"21":{"start":{"line":89,"column":30},"end":{"line":89,"column":42}},"22":{"start":{"line":91,"column":13},"end":{"line":97,"column":10}},"23":{"start":{"line":103,"column":24},"end":{"line":119,"column":10}},"24":{"start":{"line":121,"column":8},"end":{"line":121,"column":42}},"25":{"start":{"line":121,"column":30},"end":{"line":121,"column":42}},"26":{"start":{"line":123,"column":8},"end":{"line":129,"column":10}},"27":{"start":{"line":33,"column":13},"end":{"line":33,"column":27}},"28":{"start":{"line":33,"column":13},"end":{"line":131,"column":null}}},"fnMap":{"0":{"name":"(anonymous_4)","decl":{"start":{"line":34,"column":4},"end":{"line":34,"column":null}},"loc":{"start":{"line":38,"column":49},"end":{"line":41,"column":5}}},"1":{"name":"(anonymous_5)","decl":{"start":{"line":43,"column":4},"end":{"line":43,"column":9}},"loc":{"start":{"line":43,"column":64},"end":{"line":66,"column":5}}},"2":{"name":"(anonymous_6)","decl":{"start":{"line":68,"column":4},"end":{"line":68,"column":9}},"loc":{"start":{"line":69,"column":21},"end":{"line":98,"column":5}}},"3":{"name":"(anonymous_7)","decl":{"start":{"line":100,"column":4},"end":{"line":100,"column":9}},"loc":{"start":{"line":101,"column":18},"end":{"line":130,"column":5}}}},"branchMap":{"0":{"loc":{"start":{"line":43,"column":39},"end":{"line":43,"column":64}},"type":"default-arg","locations":[{"start":{"line":43,"column":59},"end":{"line":43,"column":64}}]},"1":{"loc":{"start":{"line":46,"column":8},"end":{"line":55,"column":null}},"type":"if","locations":[{"start":{"line":46,"column":8},"end":{"line":55,"column":null}}]},"2":{"loc":{"start":{"line":47,"column":12},"end":{"line":51,"column":null}},"type":"binary-expr","locations":[{"start":{"line":47,"column":12},"end":{"line":47,"column":19}},{"start":{"line":48,"column":12},"end":{"line":48,"column":27}},{"start":{"line":49,"column":12},"end":{"line":51,"column":null}}]},"3":{"loc":{"start":{"line":89,"column":8},"end":{"line":97,"column":10}},"type":"if","locations":[{"start":{"line":89,"column":8},"end":{"line":97,"column":10}},{"start":{"line":91,"column":13},"end":{"line":97,"column":10}}]},"4":{"loc":{"start":{"line":92,"column":12},"end":{"line":96,"column":16}},"type":"binary-expr","locations":[{"start":{"line":92,"column":12},"end":{"line":92,"column":28}},{"start":{"line":93,"column":12},"end":{"line":93,"column":25}},{"start":{"line":94,"column":12},"end":{"line":94,"column":30}},{"start":{"line":95,"column":12},"end":{"line":95,"column":27}},{"start":{"line":96,"column":12},"end":{"line":96,"column":16}}]},"5":{"loc":{"start":{"line":121,"column":8},"end":{"line":121,"column":42}},"type":"if","locations":[{"start":{"line":121,"column":8},"end":{"line":121,"column":42}}]},"6":{"loc":{"start":{"line":124,"column":12},"end":{"line":128,"column":16}},"type":"binary-expr","locations":[{"start":{"line":124,"column":12},"end":{"line":124,"column":28}},{"start":{"line":125,"column":12},"end":{"line":125,"column":25}},{"start":{"line":126,"column":12},"end":{"line":126,"column":30}},{"start":{"line":127,"column":12},"end":{"line":127,"column":27}},{"start":{"line":128,"column":12},"end":{"line":128,"column":16}}]}},"s":{"0":11,"1":11,"2":11,"3":11,"4":11,"5":11,"6":11,"7":11,"8":11,"9":30,"10":30,"11":30,"12":30,"13":4,"14":3,"15":3,"16":2,"17":1,"18":1,"19":6,"20":5,"21":2,"22":3,"23":2,"24":1,"25":0,"26":1,"27":11,"28":11},"f":{"0":30,"1":4,"2":6,"3":2},"b":{"0":[4],"1":[2],"2":[3,2,2],"3":[2,3],"4":[3,0,0,0,0],"5":[0],"6":[1,0,0,0,0]}}
,"D:\\User\\vocongbinh\\web_technology\\HomeLand_Apartment_Management_BE\\src\\auth\\dto\\signin.dto.ts": {"path":"D:\\User\\vocongbinh\\web_technology\\HomeLand_Apartment_Management_BE\\src\\auth\\dto\\signin.dto.ts","statementMap":{"0":{"start":{"line":1,"column":0},"end":{"line":1,"column":46}},"1":{"start":{"line":2,"column":0},"end":{"line":2,"column":43}},"2":{"start":{"line":4,"column":0},"end":{"line":4,"column":13}},"3":{"start":{"line":7,"column":4},"end":{"line":7,"column":null}},"4":{"start":{"line":11,"column":4},"end":{"line":11,"column":null}}},"fnMap":{},"branchMap":{},"s":{"0":10,"1":10,"2":10,"3":10,"4":10},"f":{},"b":{}}
,"D:\\User\\vocongbinh\\web_technology\\HomeLand_Apartment_Management_BE\\src\\building\\building.controller.ts": {"path":"D:\\User\\vocongbinh\\web_technology\\HomeLand_Apartment_Management_BE\\src\\building\\building.controller.ts","statementMap":{"0":{"start":{"line":2,"column":0},"end":{"line":2,"column":null}},"1":{"start":{"line":14,"column":0},"end":{"line":14,"column":65}},"2":{"start":{"line":15,"column":0},"end":{"line":15,"column":51}},"3":{"start":{"line":16,"column":0},"end":{"line":16,"column":62}},"4":{"start":{"line":17,"column":0},"end":{"line":17,"column":62}},"5":{"start":{"line":18,"column":0},"end":{"line":18,"column":77}},"6":{"start":{"line":23,"column":7},"end":{"line":90,"column":null}},"7":{"start":{"line":24,"column":33},"end":{"line":24,"column":53}},"8":{"start":{"line":29,"column":8},"end":{"line":29,"column":65}},"9":{"start":{"line":38,"column":23},"end":{"line":38,"column":66}},"10":{"start":{"line":39,"column":8},"end":{"line":39,"column":22}},"11":{"start":{"line":49,"column":8},"end":{"line":49,"column":49}},"12":{"start":{"line":53,"column":8},"end":{"line":59,"column":null}},"13":{"start":{"line":54,"column":29},"end":{"line":54,"column":70}},"14":{"start":{"line":55,"column":12},"end":{"line":55,"column":42}},"15":{"start":{"line":55,"column":26},"end":{"line":55,"column":42}},"16":{"start":{"line":58,"column":12},"end":{"line":58,"column":50}},"17":{"start":{"line":68,"column":8},"end":{"line":77,"column":null}},"18":{"start":{"line":69,"column":27},"end":{"line":71,"column":null}},"19":{"start":{"line":73,"column":12},"end":{"line":73,"column":26}},"20":{"start":{"line":75,"column":12},"end":{"line":75,"column":50}},"21":{"start":{"line":81,"column":8},"end":{"line":88,"column":null}},"22":{"start":{"line":82,"column":27},"end":{"line":82,"column":67}},"23":{"start":{"line":83,"column":12},"end":{"line":83,"column":26}},"24":{"start":{"line":86,"column":12},"end":{"line":86,"column":60}},"25":{"start":{"line":23,"column":13},"end":{"line":23,"column":31}},"26":{"start":{"line":28,"column":4},"end":{"line":30,"column":null}},"27":{"start":{"line":37,"column":10},"end":{"line":40,"column":null}},"28":{"start":{"line":48,"column":4},"end":{"line":50,"column":null}},"29":{"start":{"line":52,"column":10},"end":{"line":61,"column":null}},"30":{"start":{"line":64,"column":10},"end":{"line":78,"column":null}},"31":{"start":{"line":80,"column":10},"end":{"line":89,"column":null}},"32":{"start":{"line":23,"column":13},"end":{"line":90,"column":null}}},"fnMap":{"0":{"name":"(anonymous_4)","decl":{"start":{"line":24,"column":4},"end":{"line":24,"column":33}},"loc":{"start":{"line":24,"column":75},"end":{"line":24,"column":79}}},"1":{"name":"(anonymous_5)","decl":{"start":{"line":28,"column":4},"end":{"line":28,"column":10}},"loc":{"start":{"line":28,"column":55},"end":{"line":30,"column":5}}},"2":{"name":"(anonymous_6)","decl":{"start":{"line":37,"column":4},"end":{"line":37,"column":9}},"loc":{"start":{"line":37,"column":54},"end":{"line":40,"column":5}}},"3":{"name":"(anonymous_7)","decl":{"start":{"line":48,"column":4},"end":{"line":48,"column":11}},"loc":{"start":{"line":48,"column":11},"end":{"line":50,"column":5}}},"4":{"name":"(anonymous_8)","decl":{"start":{"line":52,"column":4},"end":{"line":52,"column":9}},"loc":{"start":{"line":52,"column":41},"end":{"line":61,"column":5}}},"5":{"name":"(anonymous_9)","decl":{"start":{"line":64,"column":4},"end":{"line":64,"column":9}},"loc":{"start":{"line":66,"column":52},"end":{"line":78,"column":5}}},"6":{"name":"(anonymous_10)","decl":{"start":{"line":80,"column":4},"end":{"line":80,"column":9}},"loc":{"start":{"line":80,"column":52},"end":{"line":89,"column":5}}}},"branchMap":{"0":{"loc":{"start":{"line":55,"column":12},"end":{"line":55,"column":42}},"type":"if","locations":[{"start":{"line":55,"column":12},"end":{"line":55,"column":42}}]}},"s":{"0":2,"1":2,"2":2,"3":2,"4":2,"5":2,"6":2,"7":3,"8":1,"9":1,"10":1,"11":1,"12":2,"13":2,"14":1,"15":1,"16":1,"17":2,"18":2,"19":1,"20":1,"21":2,"22":2,"23":1,"24":1,"25":2,"26":2,"27":2,"28":2,"29":2,"30":2,"31":2,"32":2},"f":{"0":3,"1":1,"2":1,"3":1,"4":2,"5":2,"6":2},"b":{"0":[1]}}
,"D:\\User\\vocongbinh\\web_technology\\HomeLand_Apartment_Management_BE\\src\\building\\building.service.ts": {"path":"D:\\User\\vocongbinh\\web_technology\\HomeLand_Apartment_Management_BE\\src\\building\\building.service.ts","statementMap":{"0":{"start":{"line":1,"column":0},"end":{"line":1,"column":67}},"1":{"start":{"line":3,"column":0},"end":{"line":3,"column":null}},"2":{"start":{"line":8,"column":0},"end":{"line":8,"column":59}},"3":{"start":{"line":9,"column":0},"end":{"line":9,"column":69}},"4":{"start":{"line":12,"column":0},"end":{"line":12,"column":54}},"5":{"start":{"line":13,"column":0},"end":{"line":13,"column":55}},"6":{"start":{"line":17,"column":0},"end":{"line":17,"column":67}},"7":{"start":{"line":18,"column":0},"end":{"line":18,"column":22}},"8":{"start":{"line":32,"column":7},"end":{"line":104,"column":null}},"9":{"start":{"line":42,"column":8},"end":{"line":42,"column":16}},"10":{"start":{"line":35,"column":25},"end":{"line":35,"column":45}},"11":{"start":{"line":37,"column":25},"end":{"line":37,"column":42}},"12":{"start":{"line":39,"column":25},"end":{"line":39,"column":46}},"13":{"start":{"line":40,"column":25},"end":{"line":40,"column":37}},"14":{"start":{"line":46,"column":23},"end":{"line":46,"column":72}},"15":{"start":{"line":47,"column":8},"end":{"line":47,"column":67}},"16":{"start":{"line":48,"column":8},"end":{"line":48,"column":30}},"17":{"start":{"line":49,"column":8},"end":{"line":53,"column":null}},"18":{"start":{"line":50,"column":12},"end":{"line":50,"column":64}},"19":{"start":{"line":52,"column":12},"end":{"line":52,"column":57}},"20":{"start":{"line":56,"column":28},"end":{"line":56,"column":66}},"21":{"start":{"line":57,"column":8},"end":{"line":57,"column":27}},"22":{"start":{"line":61,"column":8},"end":{"line":68,"column":null}},"23":{"start":{"line":62,"column":29},"end":{"line":64,"column":14}},"24":{"start":{"line":65,"column":12},"end":{"line":65,"column":28}},"25":{"start":{"line":67,"column":12},"end":{"line":67,"column":62}},"26":{"start":{"line":71,"column":8},"end":{"line":79,"column":null}},"27":{"start":{"line":72,"column":25},"end":{"line":74,"column":null}},"28":{"start":{"line":76,"column":12},"end":{"line":76,"column":26}},"29":{"start":{"line":78,"column":12},"end":{"line":78,"column":59}},"30":{"start":{"line":82,"column":8},"end":{"line":89,"column":null}},"31":{"start":{"line":83,"column":27},"end":{"line":85,"column":14}},"32":{"start":{"line":86,"column":12},"end":{"line":86,"column":26}},"33":{"start":{"line":88,"column":12},"end":{"line":88,"column":46}},"34":{"start":{"line":97,"column":23},"end":{"line":101,"column":10}},"35":{"start":{"line":102,"column":8},"end":{"line":102,"column":22}},"36":{"start":{"line":32,"column":13},"end":{"line":32,"column":35}},"37":{"start":{"line":32,"column":13},"end":{"line":104,"column":null}}},"fnMap":{"0":{"name":"(anonymous_4)","decl":{"start":{"line":33,"column":4},"end":{"line":33,"column":null}},"loc":{"start":{"line":40,"column":48},"end":{"line":43,"column":5}}},"1":{"name":"(anonymous_5)","decl":{"start":{"line":45,"column":4},"end":{"line":45,"column":9}},"loc":{"start":{"line":45,"column":53},"end":{"line":54,"column":5}}},"2":{"name":"(anonymous_6)","decl":{"start":{"line":55,"column":4},"end":{"line":55,"column":9}},"loc":{"start":{"line":55,"column":17},"end":{"line":58,"column":5}}},"3":{"name":"(anonymous_7)","decl":{"start":{"line":60,"column":4},"end":{"line":60,"column":9}},"loc":{"start":{"line":60,"column":28},"end":{"line":69,"column":5}}},"4":{"name":"(anonymous_8)","decl":{"start":{"line":70,"column":4},"end":{"line":70,"column":9}},"loc":{"start":{"line":70,"column":65},"end":{"line":80,"column":5}}},"5":{"name":"(anonymous_9)","decl":{"start":{"line":81,"column":4},"end":{"line":81,"column":9}},"loc":{"start":{"line":81,"column":27},"end":{"line":90,"column":5}}},"6":{"name":"(anonymous_10)","decl":{"start":{"line":96,"column":4},"end":{"line":96,"column":9}},"loc":{"start":{"line":96,"column":30},"end":{"line":103,"column":5}}}},"branchMap":{},"s":{"0":3,"1":3,"2":3,"3":3,"4":3,"5":3,"6":3,"7":3,"8":3,"9":3,"10":3,"11":3,"12":3,"13":3,"14":2,"15":2,"16":2,"17":2,"18":2,"19":0,"20":1,"21":1,"22":2,"23":2,"24":1,"25":1,"26":2,"27":2,"28":2,"29":0,"30":2,"31":2,"32":1,"33":1,"34":1,"35":1,"36":3,"37":3},"f":{"0":3,"1":2,"2":1,"3":2,"4":2,"5":2,"6":1},"b":{}}
,"D:\\User\\vocongbinh\\web_technology\\HomeLand_Apartment_Management_BE\\src\\building\\dto\\create-building.dto.ts": {"path":"D:\\User\\vocongbinh\\web_technology\\HomeLand_Apartment_Management_BE\\src\\building\\dto\\create-building.dto.ts","statementMap":{"0":{"start":{"line":1,"column":0},"end":{"line":1,"column":57}},"1":{"start":{"line":2,"column":0},"end":{"line":2,"column":56}},"2":{"start":{"line":3,"column":0},"end":{"line":3,"column":71}},"3":{"start":{"line":8,"column":0},"end":{"line":8,"column":13}},"4":{"start":{"line":14,"column":4},"end":{"line":14,"column":null}},"5":{"start":{"line":27,"column":4},"end":{"line":27,"column":null}}},"fnMap":{},"branchMap":{},"s":{"0":2,"1":2,"2":2,"3":2,"4":2,"5":2},"f":{},"b":{}}
,"D:\\User\\vocongbinh\\web_technology\\HomeLand_Apartment_Management_BE\\src\\building\\dto\\update-building.dto.ts": {"path":"D:\\User\\vocongbinh\\web_technology\\HomeLand_Apartment_Management_BE\\src\\building\\dto\\update-building.dto.ts","statementMap":{"0":{"start":{"line":1,"column":0},"end":{"line":1,"column":46}},"1":{"start":{"line":2,"column":0},"end":{"line":2,"column":58}},"2":{"start":{"line":4,"column":0},"end":{"line":4,"column":13}}},"fnMap":{},"branchMap":{},"s":{"0":2,"1":2,"2":2},"f":{},"b":{}}
,"D:\\User\\vocongbinh\\web_technology\\HomeLand_Apartment_Management_BE\\src\\contract\\contract.controller.ts": {"path":"D:\\User\\vocongbinh\\web_technology\\HomeLand_Apartment_Management_BE\\src\\contract\\contract.controller.ts","statementMap":{"0":{"start":{"line":1,"column":0},"end":{"line":1,"column":null}},"1":{"start":{"line":16,"column":0},"end":{"line":16,"column":53}},"2":{"start":{"line":17,"column":0},"end":{"line":17,"column":62}},"3":{"start":{"line":18,"column":0},"end":{"line":18,"column":62}},"4":{"start":{"line":19,"column":0},"end":{"line":19,"column":58}},"5":{"start":{"line":20,"column":0},"end":{"line":20,"column":65}},"6":{"start":{"line":21,"column":0},"end":{"line":21,"column":51}},"7":{"start":{"line":22,"column":0},"end":{"line":22,"column":60}},"8":{"start":{"line":26,"column":7},"end":{"line":72,"column":null}},"9":{"start":{"line":27,"column":33},"end":{"line":27,"column":50}},"10":{"start":{"line":33,"column":8},"end":{"line":33,"column":62}},"11":{"start":{"line":45,"column":8},"end":{"line":46,"column":61}},"12":{"start":{"line":45,"column":32},"end":{"line":45,"column":76}},"13":{"start":{"line":46,"column":13},"end":{"line":46,"column":61}},"14":{"start":{"line":47,"column":8},"end":{"line":47,"column":77}},"15":{"start":{"line":52,"column":8},"end":{"line":52,"column":48}},"16":{"start":{"line":62,"column":23},"end":{"line":62,"column":79}},"17":{"start":{"line":63,"column":8},"end":{"line":64,"column":73}},"18":{"start":{"line":64,"column":12},"end":{"line":64,"column":73}},"19":{"start":{"line":65,"column":8},"end":{"line":65,"column":58}},"20":{"start":{"line":70,"column":8},"end":{"line":70,"column":47}},"21":{"start":{"line":26,"column":13},"end":{"line":26,"column":31}},"22":{"start":{"line":32,"column":4},"end":{"line":34,"column":null}},"23":{"start":{"line":43,"column":9},"end":{"line":48,"column":null}},"24":{"start":{"line":51,"column":4},"end":{"line":53,"column":null}},"25":{"start":{"line":58,"column":10},"end":{"line":66,"column":null}},"26":{"start":{"line":69,"column":4},"end":{"line":71,"column":null}},"27":{"start":{"line":26,"column":13},"end":{"line":72,"column":null}}},"fnMap":{"0":{"name":"(anonymous_4)","decl":{"start":{"line":27,"column":4},"end":{"line":27,"column":33}},"loc":{"start":{"line":27,"column":65},"end":{"line":27,"column":69}}},"1":{"name":"(anonymous_5)","decl":{"start":{"line":32,"column":4},"end":{"line":32,"column":10}},"loc":{"start":{"line":32,"column":55},"end":{"line":34,"column":5}}},"2":{"name":"(anonymous_6)","decl":{"start":{"line":43,"column":3},"end":{"line":43,"column":8}},"loc":{"start":{"line":43,"column":45},"end":{"line":48,"column":5}}},"3":{"name":"(anonymous_7)","decl":{"start":{"line":51,"column":4},"end":{"line":51,"column":11}},"loc":{"start":{"line":51,"column":35},"end":{"line":53,"column":5}}},"4":{"name":"(anonymous_8)","decl":{"start":{"line":58,"column":4},"end":{"line":58,"column":9}},"loc":{"start":{"line":60,"column":52},"end":{"line":66,"column":5}}},"5":{"name":"(anonymous_9)","decl":{"start":{"line":69,"column":4},"end":{"line":69,"column":10}},"loc":{"start":{"line":69,"column":34},"end":{"line":71,"column":5}}}},"branchMap":{"0":{"loc":{"start":{"line":45,"column":8},"end":{"line":46,"column":61}},"type":"if","locations":[{"start":{"line":45,"column":8},"end":{"line":46,"column":61}},{"start":{"line":46,"column":13},"end":{"line":46,"column":61}}]},"1":{"loc":{"start":{"line":63,"column":8},"end":{"line":64,"column":73}},"type":"if","locations":[{"start":{"line":63,"column":8},"end":{"line":64,"column":73}}]}},"s":{"0":2,"1":2,"2":2,"3":2,"4":2,"5":2,"6":2,"7":2,"8":2,"9":3,"10":2,"11":2,"12":0,"13":2,"14":2,"15":4,"16":3,"17":3,"18":3,"19":0,"20":1,"21":2,"22":2,"23":2,"24":2,"25":2,"26":2,"27":2},"f":{"0":3,"1":2,"2":2,"3":4,"4":3,"5":1},"b":{"0":[0,2],"1":[3]}}
,"D:\\User\\vocongbinh\\web_technology\\HomeLand_Apartment_Management_BE\\src\\contract\\contract.service.ts": {"path":"D:\\User\\vocongbinh\\web_technology\\HomeLand_Apartment_Management_BE\\src\\contract\\contract.service.ts","statementMap":{"0":{"start":{"line":1,"column":0},"end":{"line":1,"column":63}},"1":{"start":{"line":4,"column":0},"end":{"line":4,"column":63}},"2":{"start":{"line":5,"column":0},"end":{"line":5,"column":54}},"3":{"start":{"line":6,"column":0},"end":{"line":6,"column":69}},"4":{"start":{"line":7,"column":0},"end":{"line":7,"column":55}},"5":{"start":{"line":8,"column":0},"end":{"line":8,"column":67}},"6":{"start":{"line":9,"column":0},"end":{"line":9,"column":60}},"7":{"start":{"line":12,"column":7},"end":{"line":108,"column":null}},"8":{"start":{"line":15,"column":16},"end":{"line":15,"column":36}},"9":{"start":{"line":17,"column":16},"end":{"line":17,"column":28}},"10":{"start":{"line":18,"column":16},"end":{"line":18,"column":32}},"11":{"start":{"line":19,"column":25},"end":{"line":19,"column":37}},"12":{"start":{"line":22,"column":28},"end":{"line":22,"column":42}},"13":{"start":{"line":23,"column":23},"end":{"line":23,"column":59}},"14":{"start":{"line":24,"column":8},"end":{"line":24,"column":30}},"15":{"start":{"line":25,"column":8},"end":{"line":25,"column":78}},"16":{"start":{"line":26,"column":8},"end":{"line":26,"column":42}},"17":{"start":{"line":26,"column":16},"end":{"line":26,"column":42}},"18":{"start":{"line":27,"column":8},"end":{"line":27,"column":60}},"19":{"start":{"line":32,"column":8},"end":{"line":39,"column":null}},"20":{"start":{"line":33,"column":12},"end":{"line":38,"column":15}},"21":{"start":{"line":41,"column":8},"end":{"line":44,"column":11}},"22":{"start":{"line":48,"column":23},"end":{"line":54,"column":10}},"23":{"start":{"line":55,"column":8},"end":{"line":55,"column":60}},"24":{"start":{"line":55,"column":30},"end":{"line":55,"column":60}},"25":{"start":{"line":56,"column":8},"end":{"line":56,"column":24}},"26":{"start":{"line":60,"column":41},"end":{"line":60,"column":58}},"27":{"start":{"line":61,"column":23},"end":{"line":61,"column":59}},"28":{"start":{"line":63,"column":28},"end":{"line":63,"column":63}},"29":{"start":{"line":95,"column":21},"end":{"line":97,"column":null}},"30":{"start":{"line":100,"column":8},"end":{"line":100,"column":45}},"31":{"start":{"line":104,"column":8},"end":{"line":106,"column":11}},"32":{"start":{"line":12,"column":13},"end":{"line":12,"column":28}},"33":{"start":{"line":12,"column":13},"end":{"line":108,"column":null}}},"fnMap":{"0":{"name":"(anonymous_4)","decl":{"start":{"line":13,"column":4},"end":{"line":13,"column":null}},"loc":{"start":{"line":19,"column":48},"end":{"line":20,"column":8}}},"1":{"name":"(anonymous_5)","decl":{"start":{"line":21,"column":4},"end":{"line":21,"column":9}},"loc":{"start":{"line":21,"column":63},"end":{"line":29,"column":5}}},"2":{"name":"(anonymous_6)","decl":{"start":{"line":31,"column":4},"end":{"line":31,"column":9}},"loc":{"start":{"line":31,"column":31},"end":{"line":45,"column":5}}},"3":{"name":"(anonymous_7)","decl":{"start":{"line":47,"column":4},"end":{"line":47,"column":9}},"loc":{"start":{"line":47,"column":28},"end":{"line":57,"column":5}}},"4":{"name":"(anonymous_8)","decl":{"start":{"line":59,"column":4},"end":{"line":59,"column":9}},"loc":{"start":{"line":59,"column":65},"end":{"line":101,"column":5}}},"5":{"name":"(anonymous_9)","decl":{"start":{"line":103,"column":4},"end":{"line":103,"column":9}},"loc":{"start":{"line":103,"column":27},"end":{"line":107,"column":5}}}},"branchMap":{"0":{"loc":{"start":{"line":26,"column":8},"end":{"line":26,"column":42}},"type":"if","locations":[{"start":{"line":26,"column":8},"end":{"line":26,"column":42}}]},"1":{"loc":{"start":{"line":32,"column":8},"end":{"line":39,"column":null}},"type":"if","locations":[{"start":{"line":32,"column":8},"end":{"line":39,"column":null}}]},"2":{"loc":{"start":{"line":32,"column":12},"end":{"line":32,"column":57}},"type":"binary-expr","locations":[{"start":{"line":32,"column":12},"end":{"line":32,"column":29}},{"start":{"line":32,"column":33},"end":{"line":32,"column":45}},{"start":{"line":32,"column":49},"end":{"line":32,"column":57}}]},"3":{"loc":{"start":{"line":55,"column":8},"end":{"line":55,"column":60}},"type":"if","locations":[{"start":{"line":55,"column":8},"end":{"line":55,"column":60}}]}},"s":{"0":3,"1":3,"2":3,"3":3,"4":3,"5":3,"6":3,"7":3,"8":3,"9":3,"10":3,"11":3,"12":2,"13":2,"14":2,"15":2,"16":2,"17":2,"18":2,"19":2,"20":1,"21":1,"22":1,"23":1,"24":0,"25":1,"26":1,"27":1,"28":1,"29":1,"30":1,"31":1,"32":3,"33":3},"f":{"0":3,"1":2,"2":2,"3":1,"4":1,"5":1},"b":{"0":[2],"1":[1],"2":[2,1,1],"3":[0]}}
,"D:\\User\\vocongbinh\\web_technology\\HomeLand_Apartment_Management_BE\\src\\contract\\dto\\create-contract.dto.ts": {"path":"D:\\User\\vocongbinh\\web_technology\\HomeLand_Apartment_Management_BE\\src\\contract\\dto\\create-contract.dto.ts","statementMap":{"0":{"start":{"line":1,"column":0},"end":{"line":1,"column":56}},"1":{"start":{"line":2,"column":0},"end":{"line":2,"column":69}},"2":{"start":{"line":10,"column":0},"end":{"line":10,"column":55}},"3":{"start":{"line":12,"column":0},"end":{"line":12,"column":13}},"4":{"start":{"line":16,"column":4},"end":{"line":16,"column":null}},"5":{"start":{"line":20,"column":4},"end":{"line":20,"column":null}},"6":{"start":{"line":25,"column":4},"end":{"line":25,"column":null}},"7":{"start":{"line":32,"column":4},"end":{"line":32,"column":null}}},"fnMap":{},"branchMap":{},"s":{"0":2,"1":2,"2":2,"3":2,"4":2,"5":2,"6":2,"7":2},"f":{},"b":{}}
,"D:\\User\\vocongbinh\\web_technology\\HomeLand_Apartment_Management_BE\\src\\contract\\dto\\update-contract.dto.ts": {"path":"D:\\User\\vocongbinh\\web_technology\\HomeLand_Apartment_Management_BE\\src\\contract\\dto\\update-contract.dto.ts","statementMap":{"0":{"start":{"line":1,"column":0},"end":{"line":1,"column":69}},"1":{"start":{"line":2,"column":0},"end":{"line":2,"column":69}},"2":{"start":{"line":3,"column":0},"end":{"line":3,"column":58}},"3":{"start":{"line":4,"column":0},"end":{"line":4,"column":86}},"4":{"start":{"line":7,"column":0},"end":{"line":7,"column":13}},"5":{"start":{"line":17,"column":4},"end":{"line":17,"column":null}}},"fnMap":{},"branchMap":{},"s":{"0":2,"1":2,"2":2,"3":2,"4":2,"5":2},"f":{},"b":{}}
,"D:\\User\\vocongbinh\\web_technology\\HomeLand_Apartment_Management_BE\\src\\hash\\hash.service.ts": {"path":"D:\\User\\vocongbinh\\web_technology\\HomeLand_Apartment_Management_BE\\src\\hash\\hash.service.ts","statementMap":{"0":{"start":{"line":1,"column":0},"end":{"line":1,"column":44}},"1":{"start":{"line":2,"column":0},"end":{"line":2,"column":47}},"2":{"start":{"line":3,"column":0},"end":{"line":3,"column":48}},"3":{"start":{"line":5,"column":0},"end":{"line":5,"column":22}},"4":{"start":{"line":21,"column":7},"end":{"line":29,"column":null}},"5":{"start":{"line":23,"column":8},"end":{"line":23,"column":43}},"6":{"start":{"line":27,"column":8},"end":{"line":27,"column":40}},"7":{"start":{"line":21,"column":13},"end":{"line":21,"column":30}},"8":{"start":{"line":21,"column":13},"end":{"line":29,"column":null}}},"fnMap":{"0":{"name":"(anonymous_1)","decl":{"start":{"line":22,"column":4},"end":{"line":22,"column":8}},"loc":{"start":{"line":22,"column":22},"end":{"line":24,"column":5}}},"1":{"name":"(anonymous_2)","decl":{"start":{"line":26,"column":4},"end":{"line":26,"column":11}},"loc":{"start":{"line":26,"column":39},"end":{"line":28,"column":5}}}},"branchMap":{},"s":{"0":14,"1":14,"2":14,"3":14,"4":14,"5":3,"6":2,"7":14,"8":14},"f":{"0":3,"1":2},"b":{}}
,"D:\\User\\vocongbinh\\web_technology\\HomeLand_Apartment_Management_BE\\src\\helper\\decorator\\auth.decorator.ts": {"path":"D:\\User\\vocongbinh\\web_technology\\HomeLand_Apartment_Management_BE\\src\\helper\\decorator\\auth.decorator.ts","statementMap":{"0":{"start":{"line":1,"column":0},"end":{"line":1,"column":60}},"1":{"start":{"line":2,"column":0},"end":{"line":2,"column":42}},"2":{"start":{"line":3,"column":0},"end":{"line":3,"column":49}},"3":{"start":{"line":4,"column":0},"end":{"line":4,"column":73}},"4":{"start":{"line":6,"column":0},"end":{"line":6,"column":63}},"5":{"start":{"line":17,"column":4},"end":{"line":22,"column":6}},"6":{"start":{"line":16,"column":0},"end":{"line":16,"column":16}}},"fnMap":{"0":{"name":"Auth","decl":{"start":{"line":16,"column":16},"end":{"line":16,"column":20}},"loc":{"start":{"line":16,"column":42},"end":{"line":23,"column":1}}}},"branchMap":{},"s":{"0":4,"1":4,"2":4,"3":4,"4":4,"5":7,"6":4},"f":{"0":7},"b":{}}
,"D:\\User\\vocongbinh\\web_technology\\HomeLand_Apartment_Management_BE\\src\\helper\\decorator\\roles.decorator.ts": {"path":"D:\\User\\vocongbinh\\web_technology\\HomeLand_Apartment_Management_BE\\src\\helper\\decorator\\roles.decorator.ts","statementMap":{"0":{"start":{"line":1,"column":0},"end":{"line":1,"column":41}},"1":{"start":{"line":4,"column":13},"end":{"line":4,"column":63}}},"fnMap":{},"branchMap":{},"s":{"0":4,"1":4},"f":{},"b":{}}
,"D:\\User\\vocongbinh\\web_technology\\HomeLand_Apartment_Management_BE\\src\\id-generator\\id-generator.service.ts": {"path":"D:\\User\\vocongbinh\\web_technology\\HomeLand_Apartment_Management_BE\\src\\id-generator\\id-generator.service.ts","statementMap":{"0":{"start":{"line":1,"column":0},"end":{"line":1,"column":44}},"1":{"start":{"line":3,"column":0},"end":{"line":3,"column":22}},"2":{"start":{"line":8,"column":7},"end":{"line":12,"column":null}},"3":{"start":{"line":10,"column":8},"end":{"line":10,"column":26}},"4":{"start":{"line":8,"column":13},"end":{"line":8,"column":30}},"5":{"start":{"line":8,"column":13},"end":{"line":12,"column":null}}},"fnMap":{"0":{"name":"(anonymous_1)","decl":{"start":{"line":9,"column":11},"end":{"line":9,"column":21}},"loc":{"start":{"line":9,"column":21},"end":{"line":11,"column":5}}}},"branchMap":{},"s":{"0":12,"1":12,"2":12,"3":9,"4":12,"5":12},"f":{"0":9},"b":{}}
,"D:\\User\\vocongbinh\\web_technology\\HomeLand_Apartment_Management_BE\\src\\me\\me.controller.ts": {"path":"D:\\User\\vocongbinh\\web_technology\\HomeLand_Apartment_Management_BE\\src\\me\\me.controller.ts","statementMap":{"0":{"start":{"line":1,"column":0},"end":{"line":1,"column":54}},"1":{"start":{"line":2,"column":0},"end":{"line":2,"column":72}},"2":{"start":{"line":3,"column":0},"end":{"line":3,"column":58}},"3":{"start":{"line":4,"column":0},"end":{"line":4,"column":61}},"4":{"start":{"line":5,"column":0},"end":{"line":5,"column":70}},"5":{"start":{"line":6,"column":0},"end":{"line":6,"column":64}},"6":{"start":{"line":7,"column":0},"end":{"line":7,"column":55}},"7":{"start":{"line":12,"column":7},"end":{"line":27,"column":null}},"8":{"start":{"line":25,"column":8},"end":{"line":25,"column":24}},"9":{"start":{"line":12,"column":13},"end":{"line":12,"column":25}},"10":{"start":{"line":24,"column":4},"end":{"line":26,"column":null}},"11":{"start":{"line":12,"column":13},"end":{"line":27,"column":null}}},"fnMap":{"0":{"name":"(anonymous_4)","decl":{"start":{"line":24,"column":4},"end":{"line":24,"column":19}},"loc":{"start":{"line":24,"column":35},"end":{"line":26,"column":5}}}},"branchMap":{},"s":{"0":2,"1":2,"2":2,"3":2,"4":2,"5":2,"6":2,"7":2,"8":1,"9":2,"10":2,"11":2},"f":{"0":1},"b":{}}
,"D:\\User\\vocongbinh\\web_technology\\HomeLand_Apartment_Management_BE\\src\\resident\\resident.controller.ts": {"path":"D:\\User\\vocongbinh\\web_technology\\HomeLand_Apartment_Management_BE\\src\\resident\\resident.controller.ts","statementMap":{"0":{"start":{"line":1,"column":0},"end":{"line":1,"column":null}},"1":{"start":{"line":15,"column":0},"end":{"line":15,"column":73}},"2":{"start":{"line":16,"column":0},"end":{"line":16,"column":null}},"3":{"start":{"line":26,"column":0},"end":{"line":26,"column":51}},"4":{"start":{"line":29,"column":0},"end":{"line":29,"column":62}},"5":{"start":{"line":31,"column":0},"end":{"line":31,"column":62}},"6":{"start":{"line":37,"column":7},"end":{"line":112,"column":null}},"7":{"start":{"line":38,"column":33},"end":{"line":38,"column":53}},"8":{"start":{"line":58,"column":8},"end":{"line":58,"column":71}},"9":{"start":{"line":62,"column":23},"end":{"line":62,"column":66}},"10":{"start":{"line":63,"column":8},"end":{"line":63,"column":22}},"11":{"start":{"line":67,"column":8},"end":{"line":72,"column":null}},"12":{"start":{"line":68,"column":27},"end":{"line":68,"column":67}},"13":{"start":{"line":69,"column":12},"end":{"line":69,"column":26}},"14":{"start":{"line":71,"column":12},"end":{"line":71,"column":60}},"15":{"start":{"line":86,"column":8},"end":{"line":94,"column":null}},"16":{"start":{"line":87,"column":29},"end":{"line":89,"column":null}},"17":{"start":{"line":91,"column":12},"end":{"line":91,"column":28}},"18":{"start":{"line":93,"column":12},"end":{"line":93,"column":50}},"19":{"start":{"line":100,"column":8},"end":{"line":100,"column":49}},"20":{"start":{"line":105,"column":8},"end":{"line":110,"column":null}},"21":{"start":{"line":106,"column":29},"end":{"line":106,"column":70}},"22":{"start":{"line":107,"column":12},"end":{"line":107,"column":28}},"23":{"start":{"line":109,"column":12},"end":{"line":109,"column":50}},"24":{"start":{"line":37,"column":13},"end":{"line":37,"column":31}},"25":{"start":{"line":57,"column":10},"end":{"line":59,"column":null}},"26":{"start":{"line":61,"column":10},"end":{"line":64,"column":null}},"27":{"start":{"line":66,"column":10},"end":{"line":73,"column":null}},"28":{"start":{"line":82,"column":10},"end":{"line":95,"column":null}},"29":{"start":{"line":99,"column":10},"end":{"line":101,"column":null}},"30":{"start":{"line":104,"column":10},"end":{"line":111,"column":null}},"31":{"start":{"line":37,"column":13},"end":{"line":112,"column":null}}},"fnMap":{"0":{"name":"(anonymous_4)","decl":{"start":{"line":38,"column":4},"end":{"line":38,"column":33}},"loc":{"start":{"line":38,"column":68},"end":{"line":38,"column":72}}},"1":{"name":"(anonymous_5)","decl":{"start":{"line":57,"column":4},"end":{"line":57,"column":9}},"loc":{"start":{"line":57,"column":61},"end":{"line":59,"column":5}}},"2":{"name":"(anonymous_6)","decl":{"start":{"line":61,"column":4},"end":{"line":61,"column":9}},"loc":{"start":{"line":61,"column":54},"end":{"line":64,"column":5}}},"3":{"name":"(anonymous_7)","decl":{"start":{"line":66,"column":4},"end":{"line":66,"column":9}},"loc":{"start":{"line":66,"column":52},"end":{"line":73,"column":5}}},"4":{"name":"(anonymous_8)","decl":{"start":{"line":82,"column":4},"end":{"line":82,"column":9}},"loc":{"start":{"line":84,"column":52},"end":{"line":95,"column":5}}},"5":{"name":"(anonymous_9)","decl":{"start":{"line":99,"column":4},"end":{"line":99,"column":9}},"loc":{"start":{"line":99,"column":17},"end":{"line":101,"column":5}}},"6":{"name":"(anonymous_10)","decl":{"start":{"line":104,"column":4},"end":{"line":104,"column":9}},"loc":{"start":{"line":104,"column":41},"end":{"line":111,"column":5}}}},"branchMap":{},"s":{"0":4,"1":4,"2":4,"3":4,"4":4,"5":4,"6":4,"7":8,"8":1,"9":1,"10":1,"11":2,"12":2,"13":1,"14":1,"15":2,"16":2,"17":1,"18":1,"19":1,"20":2,"21":2,"22":1,"23":1,"24":4,"25":4,"26":4,"27":4,"28":4,"29":4,"30":4,"31":4},"f":{"0":8,"1":1,"2":1,"3":2,"4":2,"5":1,"6":2},"b":{}}
,"D:\\User\\vocongbinh\\web_technology\\HomeLand_Apartment_Management_BE\\src\\resident\\resident.service.ts": {"path":"D:\\User\\vocongbinh\\web_technology\\HomeLand_Apartment_Management_BE\\src\\resident\\resident.service.ts","statementMap":{"0":{"start":{"line":2,"column":0},"end":{"line":2,"column":54}},"1":{"start":{"line":4,"column":0},"end":{"line":4,"column":63}},"2":{"start":{"line":5,"column":0},"end":{"line":5,"column":51}},"3":{"start":{"line":6,"column":0},"end":{"line":6,"column":57}},"4":{"start":{"line":7,"column":0},"end":{"line":7,"column":60}},"5":{"start":{"line":10,"column":0},"end":{"line":10,"column":79}},"6":{"start":{"line":12,"column":0},"end":{"line":12,"column":57}},"7":{"start":{"line":14,"column":0},"end":{"line":14,"column":67}},"8":{"start":{"line":15,"column":0},"end":{"line":15,"column":52}},"9":{"start":{"line":16,"column":0},"end":{"line":16,"column":61}},"10":{"start":{"line":17,"column":0},"end":{"line":17,"column":51}},"11":{"start":{"line":22,"column":0},"end":{"line":22,"column":22}},"12":{"start":{"line":44,"column":7},"end":{"line":260,"column":null}},"13":{"start":{"line":47,"column":25},"end":{"line":47,"column":45}},"14":{"start":{"line":49,"column":25},"end":{"line":49,"column":44}},"15":{"start":{"line":50,"column":25},"end":{"line":50,"column":41}},"16":{"start":{"line":51,"column":25},"end":{"line":51,"column":38}},"17":{"start":{"line":52,"column":25},"end":{"line":52,"column":37}},"18":{"start":{"line":53,"column":25},"end":{"line":53,"column":42}},"19":{"start":{"line":81,"column":12},"end":{"line":81,"column":29}},"20":{"start":{"line":83,"column":24},"end":{"line":83,"column":54}},"21":{"start":{"line":84,"column":23},"end":{"line":84,"column":37}},"22":{"start":{"line":85,"column":8},"end":{"line":85,"column":45}},"23":{"start":{"line":86,"column":8},"end":{"line":87,"column":64}},"24":{"start":{"line":86,"column":16},"end":{"line":86,"column":33}},"25":{"start":{"line":87,"column":13},"end":{"line":87,"column":64}},"26":{"start":{"line":88,"column":8},"end":{"line":165,"column":null}},"27":{"start":{"line":89,"column":31},"end":{"line":89,"column":76}},"28":{"start":{"line":90,"column":30},"end":{"line":90,"column":75}},"29":{"start":{"line":91,"column":12},"end":{"line":91,"column":null}},"30":{"start":{"line":92,"column":29},"end":{"line":98,"column":null}},"31":{"start":{"line":100,"column":28},"end":{"line":106,"column":null}},"32":{"start":{"line":111,"column":12},"end":{"line":131,"column":null}},"33":{"start":{"line":112,"column":35},"end":{"line":112,"column":67}},"34":{"start":{"line":113,"column":16},"end":{"line":120,"column":18}},"35":{"start":{"line":123,"column":31},"end":{"line":124,"column":null}},"36":{"start":{"line":126,"column":16},"end":{"line":130,"column":18}},"37":{"start":{"line":133,"column":12},"end":{"line":133,"column":61}},"38":{"start":{"line":134,"column":12},"end":{"line":134,"column":59}},"39":{"start":{"line":135,"column":12},"end":{"line":135,"column":39}},"40":{"start":{"line":136,"column":34},"end":{"line":136,"column":78}},"41":{"start":{"line":138,"column":12},"end":{"line":147,"column":null}},"42":{"start":{"line":139,"column":16},"end":{"line":139,"column":50}},"43":{"start":{"line":140,"column":30},"end":{"line":140,"column":43}},"44":{"start":{"line":141,"column":16},"end":{"line":141,"column":55}},"45":{"start":{"line":142,"column":16},"end":{"line":142,"column":38}},"46":{"start":{"line":143,"column":16},"end":{"line":143,"column":79}},"47":{"start":{"line":144,"column":16},"end":{"line":144,"column":46}},"48":{"start":{"line":145,"column":16},"end":{"line":145,"column":44}},"49":{"start":{"line":146,"column":16},"end":{"line":146,"column":59}},"50":{"start":{"line":148,"column":12},"end":{"line":148,"column":null}},"51":{"start":{"line":150,"column":12},"end":{"line":163,"column":null}},"52":{"start":{"line":151,"column":16},"end":{"line":162,"column":null}},"53":{"start":{"line":152,"column":20},"end":{"line":159,"column":23}},"54":{"start":{"line":161,"column":20},"end":{"line":161,"column":41}},"55":{"start":{"line":164,"column":12},"end":{"line":164,"column":55}},"56":{"start":{"line":168,"column":23},"end":{"line":172,"column":10}},"57":{"start":{"line":174,"column":8},"end":{"line":174,"column":22}},"58":{"start":{"line":180,"column":23},"end":{"line":182,"column":10}},"59":{"start":{"line":183,"column":8},"end":{"line":183,"column":39}},"60":{"start":{"line":185,"column":12},"end":{"line":185,"column":29}},"61":{"start":{"line":186,"column":8},"end":{"line":186,"column":53}},"62":{"start":{"line":186,"column":23},"end":{"line":186,"column":53}},"63":{"start":{"line":187,"column":24},"end":{"line":189,"column":10}},"64":{"start":{"line":191,"column":8},"end":{"line":191,"column":45}},"65":{"start":{"line":192,"column":22},"end":{"line":192,"column":52}},"66":{"start":{"line":194,"column":8},"end":{"line":204,"column":null}},"67":{"start":{"line":195,"column":31},"end":{"line":195,"column":63}},"68":{"start":{"line":196,"column":12},"end":{"line":203,"column":14}},"69":{"start":{"line":205,"column":8},"end":{"line":211,"column":null}},"70":{"start":{"line":206,"column":12},"end":{"line":206,"column":44}},"71":{"start":{"line":207,"column":12},"end":{"line":209,"column":null}},"72":{"start":{"line":208,"column":16},"end":{"line":208,"column":46}},"73":{"start":{"line":210,"column":12},"end":{"line":210,"column":55}},"74":{"start":{"line":212,"column":8},"end":{"line":212,"column":35}},"75":{"start":{"line":213,"column":8},"end":{"line":213,"column":60}},"76":{"start":{"line":216,"column":8},"end":{"line":222,"column":11}},"77":{"start":{"line":235,"column":25},"end":{"line":237,"column":null}},"78":{"start":{"line":239,"column":12},"end":{"line":239,"column":null}},"79":{"start":{"line":244,"column":8},"end":{"line":250,"column":null}},"80":{"start":{"line":245,"column":27},"end":{"line":245,"column":75}},"81":{"start":{"line":246,"column":12},"end":{"line":246,"column":26}},"82":{"start":{"line":249,"column":12},"end":{"line":249,"column":null}},"83":{"start":{"line":255,"column":26},"end":{"line":257,"column":10}},"84":{"start":{"line":258,"column":8},"end":{"line":258,"column":25}},"85":{"start":{"line":44,"column":13},"end":{"line":44,"column":28}},"86":{"start":{"line":44,"column":13},"end":{"line":260,"column":null}}},"fnMap":{"0":{"name":"(anonymous_4)","decl":{"start":{"line":45,"column":4},"end":{"line":45,"column":null}},"loc":{"start":{"line":53,"column":57},"end":{"line":57,"column":5}}},"1":{"name":"(anonymous_5)","decl":{"start":{"line":70,"column":4},"end":{"line":70,"column":9}},"loc":{"start":{"line":72,"column":19},"end":{"line":166,"column":5}}},"2":{"name":"(anonymous_6)","decl":{"start":{"line":167,"column":4},"end":{"line":167,"column":9}},"loc":{"start":{"line":167,"column":30},"end":{"line":175,"column":5}}},"3":{"name":"(anonymous_7)","decl":{"start":{"line":176,"column":4},"end":{"line":176,"column":9}},"loc":{"start":{"line":178,"column":44},"end":{"line":214,"column":5}}},"4":{"name":"(anonymous_8)","decl":{"start":{"line":215,"column":4},"end":{"line":215,"column":11}},"loc":{"start":{"line":215,"column":22},"end":{"line":223,"column":5}}},"5":{"name":"(anonymous_9)","decl":{"start":{"line":234,"column":4},"end":{"line":234,"column":9}},"loc":{"start":{"line":234,"column":65},"end":{"line":241,"column":5}}},"6":{"name":"(anonymous_10)","decl":{"start":{"line":243,"column":4},"end":{"line":243,"column":9}},"loc":{"start":{"line":243,"column":27},"end":{"line":253,"column":5}}},"7":{"name":"(anonymous_11)","decl":{"start":{"line":254,"column":4},"end":{"line":254,"column":9}},"loc":{"start":{"line":254,"column":17},"end":{"line":259,"column":5}}}},"branchMap":{"0":{"loc":{"start":{"line":86,"column":8},"end":{"line":87,"column":64}},"type":"if","locations":[{"start":{"line":86,"column":8},"end":{"line":87,"column":64}},{"start":{"line":87,"column":13},"end":{"line":87,"column":64}}]},"1":{"loc":{"start":{"line":97,"column":21},"end":{"line":97,"column":50}},"type":"binary-expr","locations":[{"start":{"line":97,"column":21},"end":{"line":97,"column":41}},{"start":{"line":97,"column":45},"end":{"line":97,"column":50}}]},"2":{"loc":{"start":{"line":98,"column":16},"end":{"line":98,"column":50}},"type":"binary-expr","locations":[{"start":{"line":98,"column":16},"end":{"line":98,"column":35}},{"start":{"line":98,"column":39},"end":{"line":98,"column":50}}]},"3":{"loc":{"start":{"line":105,"column":21},"end":{"line":105,"column":49}},"type":"binary-expr","locations":[{"start":{"line":105,"column":21},"end":{"line":105,"column":40}},{"start":{"line":105,"column":44},"end":{"line":105,"column":49}}]},"4":{"loc":{"start":{"line":106,"column":16},"end":{"line":106,"column":49}},"type":"binary-expr","locations":[{"start":{"line":106,"column":16},"end":{"line":106,"column":34}},{"start":{"line":106,"column":38},"end":{"line":106,"column":49}}]},"5":{"loc":{"start":{"line":111,"column":12},"end":{"line":131,"column":null}},"type":"if","locations":[{"start":{"line":111,"column":12},"end":{"line":131,"column":null}},{"start":{"line":121,"column":19},"end":{"line":131,"column":null}}]},"6":{"loc":{"start":{"line":118,"column":25},"end":{"line":118,"column":54}},"type":"binary-expr","locations":[{"start":{"line":118,"column":25},"end":{"line":118,"column":45}},{"start":{"line":118,"column":49},"end":{"line":118,"column":54}}]},"7":{"loc":{"start":{"line":119,"column":20},"end":{"line":119,"column":54}},"type":"binary-expr","locations":[{"start":{"line":119,"column":20},"end":{"line":119,"column":39}},{"start":{"line":119,"column":43},"end":{"line":119,"column":54}}]},"8":{"loc":{"start":{"line":138,"column":12},"end":{"line":147,"column":null}},"type":"if","locations":[{"start":{"line":138,"column":12},"end":{"line":147,"column":null}}]},"9":{"loc":{"start":{"line":150,"column":12},"end":{"line":163,"column":null}},"type":"if","locations":[{"start":{"line":150,"column":12},"end":{"line":163,"column":null}}]},"10":{"loc":{"start":{"line":186,"column":8},"end":{"line":186,"column":53}},"type":"if","locations":[{"start":{"line":186,"column":8},"end":{"line":186,"column":53}}]},"11":{"loc":{"start":{"line":194,"column":8},"end":{"line":204,"column":null}},"type":"if","locations":[{"start":{"line":194,"column":8},"end":{"line":204,"column":null}}]},"12":{"loc":{"start":{"line":201,"column":21},"end":{"line":201,"column":50}},"type":"binary-expr","locations":[{"start":{"line":201,"column":21},"end":{"line":201,"column":41}},{"start":{"line":201,"column":45},"end":{"line":201,"column":50}}]},"13":{"loc":{"start":{"line":202,"column":16},"end":{"line":202,"column":50}},"type":"binary-expr","locations":[{"start":{"line":202,"column":16},"end":{"line":202,"column":35}},{"start":{"line":202,"column":39},"end":{"line":202,"column":50}}]},"14":{"loc":{"start":{"line":205,"column":8},"end":{"line":211,"column":null}},"type":"if","locations":[{"start":{"line":205,"column":8},"end":{"line":211,"column":null}}]},"15":{"loc":{"start":{"line":207,"column":12},"end":{"line":209,"column":null}},"type":"if","locations":[{"start":{"line":207,"column":12},"end":{"line":209,"column":null}}]}},"s":{"0":5,"1":5,"2":5,"3":5,"4":5,"5":5,"6":5,"7":5,"8":5,"9":5,"10":5,"11":5,"12":5,"13":8,"14":8,"15":8,"16":8,"17":8,"18":8,"19":1,"20":1,"21":1,"22":1,"23":1,"24":0,"25":1,"26":1,"27":1,"28":1,"29":1,"30":1,"31":1,"32":1,"33":1,"34":1,"35":0,"36":0,"37":1,"38":1,"39":1,"40":1,"41":0,"42":0,"43":0,"44":0,"45":0,"46":0,"47":0,"48":0,"49":0,"50":0,"51":1,"52":0,"53":0,"54":0,"55":1,"56":1,"57":1,"58":1,"59":1,"60":1,"61":1,"62":0,"63":1,"64":1,"65":1,"66":1,"67":0,"68":0,"69":1,"70":1,"71":1,"72":0,"73":1,"74":1,"75":1,"76":1,"77":1,"78":1,"79":2,"80":2,"81":1,"82":1,"83":1,"84":1,"85":5,"86":5},"f":{"0":8,"1":1,"2":1,"3":1,"4":1,"5":1,"6":2,"7":1},"b":{"0":[0,1],"1":[1,1],"2":[1,0],"3":[1,1],"4":[1,0],"5":[1,0],"6":[1,1],"7":[1,0],"8":[0],"9":[0],"10":[0],"11":[0],"12":[0,0],"13":[0,0],"14":[1],"15":[0]}}
,"D:\\User\\vocongbinh\\web_technology\\HomeLand_Apartment_Management_BE\\src\\resident\\dto\\create-resident.dto.ts": {"path":"D:\\User\\vocongbinh\\web_technology\\HomeLand_Apartment_Management_BE\\src\\resident\\dto\\create-resident.dto.ts","statementMap":{"0":{"start":{"line":1,"column":0},"end":{"line":1,"column":56}},"1":{"start":{"line":3,"column":0},"end":{"line":3,"column":55}},"2":{"start":{"line":4,"column":0},"end":{"line":4,"column":null}},"3":{"start":{"line":11,"column":0},"end":{"line":11,"column":61}},"4":{"start":{"line":13,"column":0},"end":{"line":13,"column":33}},"5":{"start":{"line":14,"column":0},"end":{"line":14,"column":60}},"6":{"start":{"line":16,"column":0},"end":{"line":16,"column":13}},"7":{"start":{"line":25,"column":4},"end":{"line":25,"column":null}},"8":{"start":{"line":31,"column":4},"end":{"line":31,"column":null}},"9":{"start":{"line":37,"column":4},"end":{"line":37,"column":null}},"10":{"start":{"line":43,"column":4},"end":{"line":43,"column":null}},"11":{"start":{"line":50,"column":4},"end":{"line":50,"column":null}}},"fnMap":{},"branchMap":{},"s":{"0":4,"1":4,"2":4,"3":4,"4":4,"5":4,"6":4,"7":4,"8":4,"9":4,"10":4,"11":4},"f":{},"b":{}}
,"D:\\User\\vocongbinh\\web_technology\\HomeLand_Apartment_Management_BE\\src\\resident\\dto\\update-resident.dto.ts": {"path":"D:\\User\\vocongbinh\\web_technology\\HomeLand_Apartment_Management_BE\\src\\resident\\dto\\update-resident.dto.ts","statementMap":{"0":{"start":{"line":1,"column":0},"end":{"line":1,"column":56}},"1":{"start":{"line":2,"column":0},"end":{"line":2,"column":58}},"2":{"start":{"line":4,"column":0},"end":{"line":4,"column":13}}},"fnMap":{},"branchMap":{},"s":{"0":4,"1":4,"2":4},"f":{},"b":{}}
,"D:\\User\\vocongbinh\\web_technology\\HomeLand_Apartment_Management_BE\\src\\seed\\seed.controller.ts": {"path":"D:\\User\\vocongbinh\\web_technology\\HomeLand_Apartment_Management_BE\\src\\seed\\seed.controller.ts","statementMap":{"0":{"start":{"line":1,"column":0},"end":{"line":1,"column":58}},"1":{"start":{"line":2,"column":0},"end":{"line":2,"column":45}},"2":{"start":{"line":3,"column":0},"end":{"line":3,"column":56}},"3":{"start":{"line":7,"column":7},"end":{"line":24,"column":null}},"4":{"start":{"line":8,"column":33},"end":{"line":8,"column":46}},"5":{"start":{"line":12,"column":8},"end":{"line":12,"column":47}},"6":{"start":{"line":17,"column":8},"end":{"line":17,"column":49}},"7":{"start":{"line":22,"column":8},"end":{"line":22,"column":47}},"8":{"start":{"line":7,"column":13},"end":{"line":7,"column":17}},"9":{"start":{"line":11,"column":4},"end":{"line":13,"column":null}},"10":{"start":{"line":16,"column":10},"end":{"line":18,"column":null}},"11":{"start":{"line":21,"column":10},"end":{"line":23,"column":null}},"12":{"start":{"line":7,"column":13},"end":{"line":24,"column":null}}},"fnMap":{"0":{"name":"(anonymous_2)","decl":{"start":{"line":8,"column":4},"end":{"line":8,"column":33}},"loc":{"start":{"line":8,"column":57},"end":{"line":8,"column":61}}},"1":{"name":"(anonymous_3)","decl":{"start":{"line":11,"column":4},"end":{"line":11,"column":16}},"loc":{"start":{"line":11,"column":16},"end":{"line":13,"column":5}}},"2":{"name":"(anonymous_4)","decl":{"start":{"line":16,"column":4},"end":{"line":16,"column":9}},"loc":{"start":{"line":16,"column":18},"end":{"line":18,"column":5}}},"3":{"name":"(anonymous_5)","decl":{"start":{"line":21,"column":4},"end":{"line":21,"column":9}},"loc":{"start":{"line":21,"column":16},"end":{"line":23,"column":5}}}},"branchMap":{},"s":{"0":3,"1":3,"2":3,"3":3,"4":7,"5":1,"6":1,"7":1,"8":3,"9":3,"10":3,"11":3,"12":3},"f":{"0":7,"1":1,"2":1,"3":1},"b":{}}
,"D:\\User\\vocongbinh\\web_technology\\HomeLand_Apartment_Management_BE\\src\\seed\\seed.service.ts": {"path":"D:\\User\\vocongbinh\\web_technology\\HomeLand_Apartment_Management_BE\\src\\seed\\seed.service.ts","statementMap":{"0":{"start":{"line":2,"column":0},"end":{"line":2,"column":44}},"1":{"start":{"line":3,"column":0},"end":{"line":3,"column":34}},"2":{"start":{"line":4,"column":0},"end":{"line":4,"column":51}},"3":{"start":{"line":5,"column":0},"end":{"line":5,"column":37}},"4":{"start":{"line":8,"column":0},"end":{"line":8,"column":60}},"5":{"start":{"line":9,"column":0},"end":{"line":9,"column":40}},"6":{"start":{"line":13,"column":0},"end":{"line":13,"column":67}},"7":{"start":{"line":14,"column":0},"end":{"line":14,"column":51}},"8":{"start":{"line":15,"column":0},"end":{"line":15,"column":79}},"9":{"start":{"line":16,"column":0},"end":{"line":16,"column":66}},"10":{"start":{"line":20,"column":0},"end":{"line":20,"column":83}},"11":{"start":{"line":25,"column":7},"end":{"line":122,"column":null}},"12":{"start":{"line":28,"column":25},"end":{"line":28,"column":37}},"13":{"start":{"line":29,"column":25},"end":{"line":29,"column":41}},"14":{"start":{"line":30,"column":25},"end":{"line":30,"column":38}},"15":{"start":{"line":31,"column":25},"end":{"line":31,"column":38}},"16":{"start":{"line":32,"column":25},"end":{"line":32,"column":42}},"17":{"start":{"line":33,"column":25},"end":{"line":33,"column":43}},"18":{"start":{"line":34,"column":25},"end":{"line":34,"column":42}},"19":{"start":{"line":55,"column":21},"end":{"line":55,"column":44}},"20":{"start":{"line":56,"column":21},"end":{"line":56,"column":54}},"21":{"start":{"line":57,"column":21},"end":{"line":57,"column":55}},"22":{"start":{"line":58,"column":21},"end":{"line":58,"column":45}},"23":{"start":{"line":59,"column":21},"end":{"line":59,"column":45}},"24":{"start":{"line":60,"column":21},"end":{"line":60,"column":44}},"25":{"start":{"line":61,"column":21},"end":{"line":61,"column":47}},"26":{"start":{"line":62,"column":21},"end":{"line":62,"column":41}},"27":{"start":{"line":64,"column":21},"end":{"line":66,"column":26}},"28":{"start":{"line":68,"column":21},"end":{"line":70,"column":26}},"29":{"start":{"line":72,"column":21},"end":{"line":88,"column":6}},"30":{"start":{"line":39,"column":8},"end":{"line":45,"column":null}},"31":{"start":{"line":40,"column":12},"end":{"line":40,"column":55}},"32":{"start":{"line":41,"column":12},"end":{"line":41,"column":49}},"33":{"start":{"line":43,"column":12},"end":{"line":43,"column":37}},"34":{"start":{"line":48,"column":8},"end":{"line":53,"column":null}},"35":{"start":{"line":49,"column":12},"end":{"line":49,"column":56}},"36":{"start":{"line":50,"column":12},"end":{"line":50,"column":48}},"37":{"start":{"line":52,"column":12},"end":{"line":52,"column":37}},"38":{"start":{"line":93,"column":34},"end":{"line":93,"column":36}},"39":{"start":{"line":94,"column":8},"end":{"line":116,"column":null}},"40":{"start":{"line":95,"column":12},"end":{"line":115,"column":null}},"41":{"start":{"line":95,"column":25},"end":{"line":95,"column":26}},"42":{"start":{"line":96,"column":16},"end":{"line":114,"column":18}},"43":{"start":{"line":25,"column":13},"end":{"line":25,"column":24}},"44":{"start":{"line":25,"column":13},"end":{"line":122,"column":null}}},"fnMap":{"0":{"name":"(anonymous_4)","decl":{"start":{"line":26,"column":4},"end":{"line":26,"column":null}},"loc":{"start":{"line":34,"column":57},"end":{"line":36,"column":8}}},"1":{"name":"(anonymous_5)","decl":{"start":{"line":38,"column":4},"end":{"line":38,"column":9}},"loc":{"start":{"line":38,"column":16},"end":{"line":46,"column":5}}},"2":{"name":"(anonymous_6)","decl":{"start":{"line":47,"column":4},"end":{"line":47,"column":9}},"loc":{"start":{"line":47,"column":18},"end":{"line":54,"column":5}}},"3":{"name":"(anonymous_7)","decl":{"start":{"line":90,"column":4},"end":{"line":90,"column":9}},"loc":{"start":{"line":90,"column":22},"end":{"line":91,"column":5}}},"4":{"name":"(anonymous_8)","decl":{"start":{"line":92,"column":4},"end":{"line":92,"column":9}},"loc":{"start":{"line":92,"column":47},"end":{"line":120,"column":5}}}},"branchMap":{},"s":{"0":3,"1":3,"2":3,"3":3,"4":3,"5":3,"6":3,"7":3,"8":3,"9":3,"10":3,"11":3,"12":6,"13":6,"14":6,"15":6,"16":6,"17":6,"18":6,"19":6,"20":6,"21":6,"22":6,"23":6,"24":6,"25":6,"26":6,"27":6,"28":6,"29":6,"30":1,"31":1,"32":1,"33":0,"34":1,"35":1,"36":1,"37":0,"38":1,"39":1,"40":1,"41":1,"42":6,"43":3,"44":3},"f":{"0":6,"1":1,"2":1,"3":0,"4":1},"b":{}}
,"D:\\User\\vocongbinh\\web_technology\\HomeLand_Apartment_Management_BE\\src\\token\\token.controller.ts": {"path":"D:\\User\\vocongbinh\\web_technology\\HomeLand_Apartment_Management_BE\\src\\token\\token.controller.ts","statementMap":{"0":{"start":{"line":1,"column":0},"end":{"line":1,"column":73}},"1":{"start":{"line":2,"column":0},"end":{"line":2,"column":58}},"2":{"start":{"line":3,"column":0},"end":{"line":3,"column":51}},"3":{"start":{"line":4,"column":0},"end":{"line":4,"column":67}},"4":{"start":{"line":5,"column":0},"end":{"line":5,"column":68}},"5":{"start":{"line":8,"column":7},"end":{"line":28,"column":null}},"6":{"start":{"line":9,"column":33},"end":{"line":9,"column":46}},"7":{"start":{"line":21,"column":8},"end":{"line":21,"column":32}},"8":{"start":{"line":26,"column":8},"end":{"line":26,"column":56}},"9":{"start":{"line":8,"column":13},"end":{"line":8,"column":28}},"10":{"start":{"line":20,"column":4},"end":{"line":22,"column":null}},"11":{"start":{"line":25,"column":4},"end":{"line":27,"column":null}},"12":{"start":{"line":8,"column":13},"end":{"line":28,"column":null}}},"fnMap":{"0":{"name":"(anonymous_4)","decl":{"start":{"line":9,"column":4},"end":{"line":9,"column":33}},"loc":{"start":{"line":9,"column":60},"end":{"line":9,"column":64}}},"1":{"name":"(anonymous_5)","decl":{"start":{"line":20,"column":4},"end":{"line":20,"column":17}},"loc":{"start":{"line":20,"column":17},"end":{"line":22,"column":5}}},"2":{"name":"(anonymous_6)","decl":{"start":{"line":25,"column":4},"end":{"line":25,"column":18}},"loc":{"start":{"line":25,"column":47},"end":{"line":27,"column":5}}}},"branchMap":{},"s":{"0":2,"1":2,"2":2,"3":2,"4":2,"5":2,"6":3,"7":1,"8":1,"9":2,"10":2,"11":2,"12":2},"f":{"0":3,"1":1,"2":1},"b":{}}
}
