TN:
SF:src\app.controller.ts
FN:10,(anonymous_2)
FN:16,(anonymous_3)
FNF:2
FNH:2
FNDA:2,(anonymous_2)
FNDA:1,(anonymous_3)
DA:1,1
DA:2,1
DA:3,1
DA:4,1
DA:9,1
DA:11,2
DA:16,1
DA:17,1
LF:8
LH:8
BRF:0
BRH:0
end_of_record
TN:
SF:src\app.service.ts
FN:5,(anonymous_1)
FNF:1
FNH:1
FNDA:1,(anonymous_1)
DA:1,2
DA:4,2
DA:6,1
LF:3
LH:3
BRF:0
BRH:0
end_of_record
TN:
SF:src\account\account.controller.ts
FN:7,(anonymous_4)
FN:10,(anonymous_5)
FN:15,(anonymous_6)
FN:20,(anonymous_7)
FN:25,(anonymous_8)
FNF:5
FNH:5
FNDA:7,(anonymous_4)
FNDA:1,(anonymous_5)
FNDA:1,(anonymous_6)
FNDA:1,(anonymous_7)
FNDA:1,(anonymous_8)
DA:1,2
DA:2,2
DA:3,2
DA:6,2
DA:7,7
DA:10,2
DA:11,1
DA:15,2
DA:16,1
DA:20,2
DA:21,1
DA:25,2
DA:26,1
LF:13
LH:13
BRF:0
BRH:0
end_of_record
TN:
SF:src\account\account.service.ts
FN:6,(anonymous_1)
FN:10,(anonymous_2)
FN:14,(anonymous_3)
FN:18,(anonymous_4)
FNF:4
FNH:4
FNDA:2,(anonymous_1)
FNDA:2,(anonymous_2)
FNDA:2,(anonymous_3)
FNDA:2,(anonymous_4)
DA:1,6
DA:5,6
DA:7,2
DA:11,2
DA:15,2
DA:19,2
LF:6
LH:6
BRF:0
BRH:0
end_of_record
TN:
SF:src\account\dto\create-account.dto.ts
FNF:0
FNH:0
DA:1,2
DA:2,2
DA:4,2
DA:11,2
DA:17,2
LF:5
LH:5
BRF:0
BRH:0
end_of_record
TN:
SF:src\apartment\apartment.controller.ts
FN:21,(anonymous_4)
FN:26,(anonymous_5)
FN:37,(anonymous_6)
FN:43,(anonymous_7)
FN:58,(anonymous_8)
FNF:5
FNH:5
FNDA:8,(anonymous_4)
FNDA:1,(anonymous_5)
FNDA:1,(anonymous_6)
FNDA:3,(anonymous_7)
FNDA:2,(anonymous_8)
DA:1,4
DA:11,4
DA:12,4
DA:14,4
DA:15,4
DA:16,4
DA:20,4
DA:21,8
DA:26,4
DA:27,1
DA:37,4
DA:38,1
DA:39,1
DA:43,4
DA:44,3
DA:45,2
DA:46,0
DA:58,4
DA:62,2
DA:63,1
LF:20
LH:19
BRDA:38,0,0,0
BRDA:38,0,1,1
BRDA:45,1,0,2
BRDA:62,2,0,1
BRF:4
BRH:3
end_of_record
TN:
SF:src\apartment\apartment.service.ts
FN:57,(anonymous_4)
FN:70,(anonymous_5)
FN:84,(anonymous_6)
FN:99,(anonymous_7)
FN:117,(anonymous_8)
FN:120,(anonymous_9)
FN:130,(anonymous_10)
FN:141,(anonymous_11)
FN:147,(anonymous_12)
FN:168,(anonymous_13)
FN:185,(anonymous_14)
FN:207,(anonymous_15)
FN:213,(anonymous_16)
FN:216,(anonymous_17)
FN:219,(anonymous_18)
FN:223,(anonymous_19)
FN:230,(anonymous_20)
FNF:17
FNH:10
FNDA:23,(anonymous_4)
FNDA:3,(anonymous_5)
FNDA:0,(anonymous_6)
FNDA:0,(anonymous_7)
FNDA:0,(anonymous_8)
FNDA:0,(anonymous_9)
FNDA:2,(anonymous_10)
FNDA:1,(anonymous_11)
FNDA:2,(anonymous_12)
FNDA:0,(anonymous_13)
FNDA:0,(anonymous_14)
FNDA:2,(anonymous_15)
FNDA:3,(anonymous_16)
FNDA:0,(anonymous_17)
FNDA:2,(anonymous_18)
FNDA:3,(anonymous_19)
FNDA:1,(anonymous_20)
DA:1,5
DA:8,5
DA:9,5
DA:10,5
DA:11,5
DA:12,5
DA:14,5
DA:16,5
DA:17,5
DA:23,5
DA:56,5
DA:59,23
DA:61,23
DA:63,23
DA:64,23
DA:65,23
DA:67,23
DA:74,3
DA:75,3
DA:76,3
DA:77,3
DA:78,3
DA:79,3
DA:80,3
DA:81,3
DA:82,3
DA:83,3
DA:85,0
DA:95,3
DA:96,0
DA:99,3
DA:101,3
DA:102,1
DA:105,1
DA:106,0
DA:107,1
DA:110,3
DA:111,2
DA:112,2
DA:114,1
DA:115,1
DA:118,0
DA:120,0
DA:123,1
DA:124,1
DA:126,3
DA:131,2
DA:132,1
DA:138,1
DA:142,1
DA:151,2
DA:152,2
DA:153,2
DA:154,2
DA:155,2
DA:156,2
DA:161,2
DA:163,0
DA:164,0
DA:165,0
DA:167,0
DA:169,0
DA:170,0
DA:173,0
DA:174,0
DA:182,0
DA:183,0
DA:185,0
DA:187,0
DA:188,0
DA:191,0
DA:193,0
DA:194,0
DA:196,2
DA:197,2
DA:198,0
DA:199,2
DA:200,2
DA:202,2
DA:210,2
DA:216,3
DA:223,2
DA:224,3
DA:227,2
DA:228,1
DA:231,1
LF:86
LH:64
BRDA:77,0,0,0
BRDA:88,1,0,0
BRDA:88,1,1,0
BRDA:90,2,0,0
BRDA:90,2,1,0
BRDA:95,3,0,0
BRDA:101,4,0,1
BRDA:105,5,0,0
BRDA:131,6,0,1
BRDA:131,7,0,2
BRDA:131,7,1,1
BRDA:161,8,0,2
BRDA:163,9,0,0
BRDA:164,10,0,0
BRDA:169,11,0,0
BRDA:171,12,0,0
BRDA:171,12,1,0
BRDA:177,13,0,0
BRDA:177,13,1,0
BRDA:182,14,0,0
BRDA:197,15,0,0
BRDA:227,16,0,1
BRF:22
BRH:6
end_of_record
TN:
SF:src\apartment\dto\create-apartment.dto.ts
FNF:0
FNH:0
DA:1,4
DA:2,4
DA:3,4
DA:5,4
DA:11,4
DA:13,4
DA:32,4
DA:45,4
LF:8
LH:8
BRF:0
BRH:0
end_of_record
TN:
SF:src\apartment\dto\update-apartment.dto.ts
FNF:0
FNH:0
DA:1,4
DA:3,4
DA:4,4
DA:5,4
DA:8,4
DA:43,4
LF:6
LH:6
BRF:0
BRH:0
end_of_record
TN:
SF:src\auth\auth.controller.ts
FN:9,(anonymous_4)
FN:39,(anonymous_5)
FNF:2
FNH:2
FNDA:30,(anonymous_4)
FNDA:1,(anonymous_5)
DA:1,10
DA:2,10
DA:3,10
DA:4,10
DA:8,10
DA:9,30
DA:39,10
DA:40,1
LF:8
LH:8
BRF:0
BRH:0
end_of_record
TN:
SF:src\auth\auth.service.ts
FN:34,(anonymous_4)
FN:43,(anonymous_5)
FN:68,(anonymous_6)
FN:100,(anonymous_7)
FNF:4
FNH:4
FNDA:30,(anonymous_4)
FNDA:4,(anonymous_5)
FNDA:6,(anonymous_6)
FNDA:2,(anonymous_7)
DA:1,11
DA:2,11
DA:3,11
DA:5,11
DA:11,11
DA:12,11
DA:14,11
DA:19,11
DA:33,11
DA:36,30
DA:37,30
DA:38,30
DA:40,30
DA:44,4
DA:45,3
DA:46,3
DA:54,2
DA:56,1
DA:60,1
DA:71,6
DA:89,5
DA:91,3
DA:103,2
DA:121,1
DA:123,1
LF:25
LH:25
BRDA:43,0,0,4
BRDA:46,1,0,2
BRDA:47,2,0,3
BRDA:47,2,1,2
BRDA:47,2,2,2
BRDA:89,3,0,2
BRDA:89,3,1,3
BRDA:92,4,0,3
BRDA:92,4,1,0
BRDA:92,4,2,0
BRDA:92,4,3,0
BRDA:92,4,4,0
BRDA:121,5,0,0
BRDA:124,6,0,1
BRDA:124,6,1,0
BRDA:124,6,2,0
BRDA:124,6,3,0
BRDA:124,6,4,0
BRF:18
BRH:9
end_of_record
TN:
SF:src\auth\dto\signin.dto.ts
FNF:0
FNH:0
DA:1,10
DA:2,10
DA:4,10
DA:7,10
DA:11,10
LF:5
LH:5
BRF:0
BRH:0
end_of_record
TN:
SF:src\building\building.controller.ts
FN:24,(anonymous_4)
FN:28,(anonymous_5)
FN:37,(anonymous_6)
FN:48,(anonymous_7)
FN:52,(anonymous_8)
FN:64,(anonymous_9)
FN:80,(anonymous_10)
FNF:7
FNH:7
FNDA:3,(anonymous_4)
FNDA:1,(anonymous_5)
FNDA:1,(anonymous_6)
FNDA:1,(anonymous_7)
FNDA:2,(anonymous_8)
FNDA:2,(anonymous_9)
FNDA:2,(anonymous_10)
DA:2,2
DA:14,2
DA:15,2
DA:16,2
DA:17,2
DA:18,2
DA:23,2
DA:24,3
DA:28,2
DA:29,1
DA:37,2
DA:38,1
DA:39,1
DA:48,2
DA:49,1
DA:52,2
DA:53,2
DA:54,2
DA:55,1
DA:58,1
DA:64,2
DA:68,2
DA:69,2
DA:73,1
DA:75,1
DA:80,2
DA:81,2
DA:82,2
DA:83,1
DA:86,1
LF:30
LH:30
BRDA:55,0,0,1
BRF:1
BRH:1
end_of_record
TN:
SF:src\building\building.service.ts
FN:33,(anonymous_4)
FN:45,(anonymous_5)
FN:55,(anonymous_6)
FN:60,(anonymous_7)
FN:70,(anonymous_8)
FN:81,(anonymous_9)
FN:96,(anonymous_10)
FNF:7
FNH:7
FNDA:3,(anonymous_4)
FNDA:2,(anonymous_5)
FNDA:1,(anonymous_6)
FNDA:2,(anonymous_7)
FNDA:2,(anonymous_8)
FNDA:2,(anonymous_9)
FNDA:1,(anonymous_10)
DA:1,3
DA:3,3
DA:8,3
DA:9,3
DA:12,3
DA:13,3
DA:17,3
DA:18,3
DA:32,3
DA:35,3
DA:37,3
DA:39,3
DA:40,3
DA:42,3
DA:46,2
DA:47,2
DA:48,2
DA:49,2
DA:50,2
DA:52,0
DA:56,1
DA:57,1
DA:61,2
DA:62,2
DA:65,1
DA:67,1
DA:71,2
DA:72,2
DA:76,2
DA:78,0
DA:82,2
DA:83,2
DA:86,1
DA:88,1
DA:97,1
DA:102,1
LF:36
LH:34
BRF:0
BRH:0
end_of_record
TN:
SF:src\building\dto\create-building.dto.ts
FNF:0
FNH:0
DA:1,2
DA:2,2
DA:3,2
DA:8,2
DA:14,2
DA:27,2
LF:6
LH:6
BRF:0
BRH:0
end_of_record
TN:
SF:src\building\dto\update-building.dto.ts
FNF:0
FNH:0
DA:1,2
DA:2,2
DA:4,2
LF:3
LH:3
BRF:0
BRH:0
end_of_record
TN:
SF:src\contract\contract.controller.ts
FN:27,(anonymous_4)
FN:32,(anonymous_5)
FN:43,(anonymous_6)
FN:51,(anonymous_7)
FN:58,(anonymous_8)
FN:69,(anonymous_9)
FNF:6
FNH:6
FNDA:3,(anonymous_4)
FNDA:2,(anonymous_5)
FNDA:2,(anonymous_6)
FNDA:4,(anonymous_7)
FNDA:3,(anonymous_8)
FNDA:1,(anonymous_9)
DA:1,2
DA:16,2
DA:17,2
DA:18,2
DA:19,2
DA:20,2
DA:21,2
DA:22,2
DA:26,2
DA:27,3
DA:32,2
DA:33,2
DA:43,2
DA:45,2
DA:46,2
DA:47,2
DA:51,2
DA:52,4
DA:58,2
DA:62,3
DA:63,3
DA:64,3
DA:65,0
DA:69,2
DA:70,1
LF:25
LH:24
BRDA:45,0,0,0
BRDA:45,0,1,2
BRDA:63,1,0,3
BRF:3
BRH:2
end_of_record
TN:
SF:src\contract\contract.service.ts
FN:13,(anonymous_4)
FN:21,(anonymous_5)
FN:31,(anonymous_6)
FN:47,(anonymous_7)
FN:59,(anonymous_8)
FN:103,(anonymous_9)
FNF:6
FNH:6
FNDA:3,(anonymous_4)
FNDA:2,(anonymous_5)
FNDA:2,(anonymous_6)
FNDA:1,(anonymous_7)
FNDA:1,(anonymous_8)
FNDA:1,(anonymous_9)
DA:1,3
DA:4,3
DA:5,3
DA:6,3
DA:7,3
DA:8,3
DA:9,3
DA:12,3
DA:15,3
DA:17,3
DA:18,3
DA:19,3
DA:22,2
DA:23,2
DA:24,2
DA:25,2
DA:26,2
DA:27,2
DA:32,2
DA:33,1
DA:41,1
DA:48,1
DA:55,1
DA:56,1
DA:60,1
DA:61,1
DA:63,1
DA:95,1
DA:100,1
DA:104,1
LF:30
LH:30
BRDA:26,0,0,2
BRDA:32,1,0,1
BRDA:32,2,0,2
BRDA:32,2,1,1
BRDA:32,2,2,1
BRDA:55,3,0,0
BRF:6
BRH:5
end_of_record
TN:
SF:src\contract\dto\create-contract.dto.ts
FNF:0
FNH:0
DA:1,2
DA:2,2
DA:10,2
DA:12,2
DA:16,2
DA:20,2
DA:25,2
DA:32,2
LF:8
LH:8
BRF:0
BRH:0
end_of_record
TN:
SF:src\contract\dto\update-contract.dto.ts
FNF:0
FNH:0
DA:1,2
DA:2,2
DA:3,2
DA:4,2
DA:7,2
DA:17,2
LF:6
LH:6
BRF:0
BRH:0
end_of_record
TN:
SF:src\hash\hash.service.ts
FN:22,(anonymous_1)
FN:26,(anonymous_2)
FNF:2
FNH:2
FNDA:3,(anonymous_1)
FNDA:2,(anonymous_2)
DA:1,14
DA:2,14
DA:3,14
DA:5,14
DA:21,14
DA:23,3
DA:27,2
LF:7
LH:7
BRF:0
BRH:0
end_of_record
TN:
SF:src\helper\decorator\auth.decorator.ts
FN:16,Auth
FNF:1
FNH:1
FNDA:7,Auth
DA:1,4
DA:2,4
DA:3,4
DA:4,4
DA:6,4
DA:16,4
DA:17,7
LF:7
LH:7
BRF:0
BRH:0
end_of_record
TN:
SF:src\helper\decorator\roles.decorator.ts
FNF:0
FNH:0
DA:1,4
DA:4,4
LF:2
LH:2
BRF:0
BRH:0
end_of_record
TN:
SF:src\id-generator\id-generator.service.ts
FN:9,(anonymous_1)
FNF:1
FNH:1
FNDA:9,(anonymous_1)
DA:1,12
DA:3,12
DA:8,12
DA:10,9
LF:4
LH:4
BRF:0
BRH:0
end_of_record
TN:
SF:src\me\me.controller.ts
FN:24,(anonymous_4)
FNF:1
FNH:1
FNDA:1,(anonymous_4)
DA:1,2
DA:2,2
DA:3,2
DA:4,2
DA:5,2
DA:6,2
DA:7,2
DA:12,2
DA:24,2
DA:25,1
LF:10
LH:10
BRF:0
BRH:0
end_of_record
TN:
SF:src\resident\resident.controller.ts
FN:38,(anonymous_4)
FN:57,(anonymous_5)
FN:61,(anonymous_6)
FN:66,(anonymous_7)
FN:82,(anonymous_8)
FN:99,(anonymous_9)
FN:104,(anonymous_10)
FNF:7
FNH:7
FNDA:8,(anonymous_4)
FNDA:1,(anonymous_5)
FNDA:1,(anonymous_6)
FNDA:2,(anonymous_7)
FNDA:2,(anonymous_8)
FNDA:1,(anonymous_9)
FNDA:2,(anonymous_10)
DA:1,4
DA:15,4
DA:16,4
DA:26,4
DA:29,4
DA:31,4
DA:37,4
DA:38,8
DA:57,4
DA:58,1
DA:61,4
DA:62,1
DA:63,1
DA:66,4
DA:67,2
DA:68,2
DA:69,1
DA:71,1
DA:82,4
DA:86,2
DA:87,2
DA:91,1
DA:93,1
DA:99,4
DA:100,1
DA:104,4
DA:105,2
DA:106,2
DA:107,1
DA:109,1
LF:30
LH:30
BRF:0
BRH:0
end_of_record
TN:
SF:src\resident\resident.service.ts
FN:45,(anonymous_4)
FN:70,(anonymous_5)
FN:167,(anonymous_6)
FN:176,(anonymous_7)
FN:215,(anonymous_8)
FN:234,(anonymous_9)
FN:243,(anonymous_10)
FN:254,(anonymous_11)
FNF:8
FNH:8
FNDA:8,(anonymous_4)
FNDA:1,(anonymous_5)
FNDA:1,(anonymous_6)
FNDA:1,(anonymous_7)
FNDA:1,(anonymous_8)
FNDA:1,(anonymous_9)
FNDA:2,(anonymous_10)
FNDA:1,(anonymous_11)
DA:2,5
DA:4,5
DA:5,5
DA:6,5
DA:7,5
DA:10,5
DA:12,5
DA:14,5
DA:15,5
DA:16,5
DA:17,5
DA:22,5
DA:44,5
DA:47,8
DA:49,8
DA:50,8
DA:51,8
DA:52,8
DA:53,8
DA:81,1
DA:83,1
DA:84,1
DA:85,1
DA:86,1
DA:87,1
DA:88,1
DA:89,1
DA:90,1
DA:91,1
DA:92,1
DA:100,1
DA:111,1
DA:112,1
DA:113,1
DA:123,0
DA:126,0
DA:133,1
DA:134,1
DA:135,1
DA:136,1
DA:138,0
DA:139,0
DA:140,0
DA:141,0
DA:142,0
DA:143,0
DA:144,0
DA:145,0
DA:146,0
DA:148,0
DA:150,1
DA:151,0
DA:152,0
DA:161,0
DA:164,1
DA:168,1
DA:174,1
DA:180,1
DA:183,1
DA:185,1
DA:186,1
DA:187,1
DA:191,1
DA:192,1
DA:194,1
DA:195,0
DA:196,0
DA:205,1
DA:206,1
DA:207,1
DA:208,0
DA:210,1
DA:212,1
DA:213,1
DA:216,1
DA:235,1
DA:239,1
DA:244,2
DA:245,2
DA:246,1
DA:249,1
DA:255,1
DA:258,1
LF:83
LH:65
BRDA:86,0,0,0
BRDA:86,0,1,1
BRDA:97,1,0,1
BRDA:97,1,1,1
BRDA:98,2,0,1
BRDA:98,2,1,0
BRDA:105,3,0,1
BRDA:105,3,1,1
BRDA:106,4,0,1
BRDA:106,4,1,0
BRDA:111,5,0,1
BRDA:111,5,1,0
BRDA:118,6,0,1
BRDA:118,6,1,1
BRDA:119,7,0,1
BRDA:119,7,1,0
BRDA:138,8,0,0
BRDA:150,9,0,0
BRDA:186,10,0,0
BRDA:194,11,0,0
BRDA:201,12,0,0
BRDA:201,12,1,0
BRDA:202,13,0,0
BRDA:202,13,1,0
BRDA:205,14,0,1
BRDA:207,15,0,0
BRF:26
BRH:12
end_of_record
TN:
SF:src\resident\dto\create-resident.dto.ts
FNF:0
FNH:0
DA:1,4
DA:3,4
DA:4,4
DA:11,4
DA:13,4
DA:14,4
DA:16,4
DA:25,4
DA:31,4
DA:37,4
DA:43,4
DA:50,4
LF:12
LH:12
BRF:0
BRH:0
end_of_record
TN:
SF:src\resident\dto\update-resident.dto.ts
FNF:0
FNH:0
DA:1,4
DA:2,4
DA:4,4
LF:3
LH:3
BRF:0
BRH:0
end_of_record
TN:
SF:src\seed\seed.controller.ts
FN:8,(anonymous_2)
FN:11,(anonymous_3)
FN:16,(anonymous_4)
FN:21,(anonymous_5)
FNF:4
FNH:4
FNDA:7,(anonymous_2)
FNDA:1,(anonymous_3)
FNDA:1,(anonymous_4)
FNDA:1,(anonymous_5)
DA:1,3
DA:2,3
DA:3,3
DA:7,3
DA:8,7
DA:11,3
DA:12,1
DA:16,3
DA:17,1
DA:21,3
DA:22,1
LF:11
LH:11
BRF:0
BRH:0
end_of_record
TN:
SF:src\seed\seed.service.ts
FN:26,(anonymous_4)
FN:38,(anonymous_5)
FN:47,(anonymous_6)
FN:90,(anonymous_7)
FN:92,(anonymous_8)
FNF:5
FNH:4
FNDA:6,(anonymous_4)
FNDA:1,(anonymous_5)
FNDA:1,(anonymous_6)
FNDA:0,(anonymous_7)
FNDA:1,(anonymous_8)
DA:2,3
DA:3,3
DA:4,3
DA:5,3
DA:8,3
DA:9,3
DA:13,3
DA:14,3
DA:15,3
DA:16,3
DA:20,3
DA:25,3
DA:28,6
DA:29,6
DA:30,6
DA:31,6
DA:32,6
DA:33,6
DA:34,6
DA:39,1
DA:40,1
DA:41,1
DA:43,0
DA:48,1
DA:49,1
DA:50,1
DA:52,0
DA:55,6
DA:56,6
DA:57,6
DA:58,6
DA:59,6
DA:60,6
DA:61,6
DA:62,6
DA:64,6
DA:68,6
DA:72,6
DA:93,1
DA:94,1
DA:95,1
DA:96,6
LF:42
LH:40
BRF:0
BRH:0
end_of_record
TN:
SF:src\token\token.controller.ts
FN:9,(anonymous_4)
FN:20,(anonymous_5)
FN:25,(anonymous_6)
FNF:3
FNH:3
FNDA:3,(anonymous_4)
FNDA:1,(anonymous_5)
FNDA:1,(anonymous_6)
DA:1,2
DA:2,2
DA:3,2
DA:4,2
DA:5,2
DA:8,2
DA:9,3
DA:20,2
DA:21,1
DA:25,2
DA:26,1
LF:11
LH:11
BRF:0
BRH:0
end_of_record
